Sun Oct  8 03:20:08 UTC 2023 Update Data (Manual)
Sun Oct  8 03:22:42 UTC 2023 Update Data (Manual)
Sun Oct  8 05:05:04 UTC 2023 Update Data (Manual)
Sun Oct  8 05:22:29 UTC 2023 Update Data (Manual)
Sun Oct  8 05:49:52 UTC 2023 Update Data (Manual)
Sun Oct  8 06:03:11 UTC 2023 Update Data (Cron)
Sun Oct  8 08:02:58 UTC 2023 Update Data (Cron)
Sun Oct  8 09:04:08 UTC 2023 Update Data (Cron)
Sun Oct  8 10:04:01 UTC 2023 Update Data (Cron)
Sun Oct  8 11:04:09 UTC 2023 Update Data (Cron)
Sun Oct  8 12:04:55 UTC 2023 Update Data (Cron)
Sun Oct  8 13:04:16 UTC 2023 Update Data (Cron)
Sun Oct  8 14:04:05 UTC 2023 Update Data (Cron)
Sun Oct  8 15:04:16 UTC 2023 Update Data (Cron)
Sun Oct  8 16:04:24 UTC 2023 Update Data (Cron)
Sun Oct  8 17:04:10 UTC 2023 Update Data (Cron)
Sun Oct  8 18:04:12 UTC 2023 Update Data (Cron)
Sun Oct  8 19:03:57 UTC 2023 Update Data (Cron)
Sun Oct  8 20:04:28 UTC 2023 Update Data (Cron)
Sun Oct  8 21:04:07 UTC 2023 Update Data (Cron)
Sun Oct  8 22:04:20 UTC 2023 Update Data (Cron)
Sun Oct  8 23:04:16 UTC 2023 Update Data (Cron)
Mon Oct  9 00:12:05 UTC 2023 Update Data (Cron)
Mon Oct  9 01:25:23 UTC 2023 Update Data (Cron)
Mon Oct  9 02:10:21 UTC 2023 Update Data (Cron)
Mon Oct  9 03:04:02 UTC 2023 Update Data (Cron)
Mon Oct  9 04:04:40 UTC 2023 Update Data (Cron)
Mon Oct  9 05:04:16 UTC 2023 Update Data (Cron)
Mon Oct  9 06:04:48 UTC 2023 Update Data (Cron)
Mon Oct  9 07:04:34 UTC 2023 Update Data (Cron)
Mon Oct  9 08:05:17 UTC 2023 Update Data (Cron)
Mon Oct  9 09:04:52 UTC 2023 Update Data (Cron)
Mon Oct  9 10:04:42 UTC 2023 Update Data (Cron)
Mon Oct  9 11:04:09 UTC 2023 Update Data (Cron)
Mon Oct  9 12:05:35 UTC 2023 Update Data (Cron)
Mon Oct  9 13:07:09 UTC 2023 Update Data (Cron)
Mon Oct  9 14:04:23 UTC 2023 Update Data (Cron)
Mon Oct  9 15:04:46 UTC 2023 Update Data (Cron)
Mon Oct  9 16:04:32 UTC 2023 Update Data (Cron)
Mon Oct  9 17:04:39 UTC 2023 Update Data (Cron)
Mon Oct  9 18:05:05 UTC 2023 Update Data (Cron)
Mon Oct  9 19:04:11 UTC 2023 Update Data (Cron)
Mon Oct  9 20:05:09 UTC 2023 Update Data (Cron)
Mon Oct  9 21:04:18 UTC 2023 Update Data (Cron)
Mon Oct  9 22:04:23 UTC 2023 Update Data (Cron)
Mon Oct  9 23:04:21 UTC 2023 Update Data (Cron)
Tue Oct 10 00:11:39 UTC 2023 Update Data (Cron)
Tue Oct 10 01:25:37 UTC 2023 Update Data (Cron)
Tue Oct 10 02:10:07 UTC 2023 Update Data (Cron)
Tue Oct 10 03:04:29 UTC 2023 Update Data (Cron)
Tue Oct 10 04:04:31 UTC 2023 Update Data (Cron)
Tue Oct 10 05:04:31 UTC 2023 Update Data (Cron)
Tue Oct 10 06:04:42 UTC 2023 Update Data (Cron)
Tue Oct 10 07:04:06 UTC 2023 Update Data (Cron)
Tue Oct 10 08:05:11 UTC 2023 Update Data (Cron)
Tue Oct 10 09:05:06 UTC 2023 Update Data (Cron)
Tue Oct 10 09:24:25 UTC 2023 Update Data (Cron)
Tue Oct 10 09:43:00 UTC 2023 Update Data (Cron)
Tue Oct 10 10:04:17 UTC 2023 Update Data (Cron)
Tue Oct 10 10:27:16 UTC 2023 Update Data (Cron)
Tue Oct 10 10:43:13 UTC 2023 Update Data (Cron)
Tue Oct 10 11:04:08 UTC 2023 Update Data (Cron)
Tue Oct 10 11:23:25 UTC 2023 Update Data (Cron)
Tue Oct 10 11:43:30 UTC 2023 Update Data (Cron)
Tue Oct 10 12:05:14 UTC 2023 Update Data (Cron)
Tue Oct 10 12:31:18 UTC 2023 Update Data (Cron)
Tue Oct 10 12:48:45 UTC 2023 Update Data (Cron)
Tue Oct 10 13:05:58 UTC 2023 Update Data (Cron)
Tue Oct 10 13:26:31 UTC 2023 Update Data (Cron)
Tue Oct 10 13:43:14 UTC 2023 Update Data (Cron)
Tue Oct 10 14:04:30 UTC 2023 Update Data (Cron)
Tue Oct 10 14:26:46 UTC 2023 Update Data (Cron)
Tue Oct 10 14:43:35 UTC 2023 Update Data (Cron)
Tue Oct 10 15:04:37 UTC 2023 Update Data (Cron)
Tue Oct 10 15:25:25 UTC 2023 Update Data (Cron)
Tue Oct 10 15:43:36 UTC 2023 Update Data (Cron)
Tue Oct 10 16:04:36 UTC 2023 Update Data (Cron)
Tue Oct 10 16:28:10 UTC 2023 Update Data (Cron)
Tue Oct 10 16:43:31 UTC 2023 Update Data (Cron)
Tue Oct 10 17:04:14 UTC 2023 Update Data (Cron)
Tue Oct 10 17:25:24 UTC 2023 Update Data (Cron)
Tue Oct 10 17:43:08 UTC 2023 Update Data (Cron)
Tue Oct 10 18:04:38 UTC 2023 Update Data (Cron)
Tue Oct 10 18:27:12 UTC 2023 Update Data (Cron)
Tue Oct 10 18:43:00 UTC 2023 Update Data (Cron)
Wed Oct 11 04:04:15 UTC 2023 Update Data (Cron)
Wed Oct 11 04:26:06 UTC 2023 Update Data (Cron)
Wed Oct 11 04:43:18 UTC 2023 Update Data (Cron)
Wed Oct 11 05:03:51 UTC 2023 Update Data (Cron)
Wed Oct 11 05:25:36 UTC 2023 Update Data (Cron)
Wed Oct 11 05:43:14 UTC 2023 Update Data (Cron)
Wed Oct 11 06:28:10 UTC 2023 Update Data (Cron)
Wed Oct 11 06:43:05 UTC 2023 Update Data (Cron)
Wed Oct 11 07:03:58 UTC 2023 Update Data (Cron)
Wed Oct 11 07:23:21 UTC 2023 Update Data (Cron)
Wed Oct 11 07:43:21 UTC 2023 Update Data (Cron)
Wed Oct 11 08:04:29 UTC 2023 Update Data (Cron)
Wed Oct 11 08:43:30 UTC 2023 Update Data (Cron)
Wed Oct 11 09:04:32 UTC 2023 Update Data (Cron)
Wed Oct 11 09:24:31 UTC 2023 Update Data (Cron)
Wed Oct 11 09:43:25 UTC 2023 Update Data (Cron)
Wed Oct 11 10:04:19 UTC 2023 Update Data (Cron)
Wed Oct 11 10:27:27 UTC 2023 Update Data (Cron)
Wed Oct 11 10:43:21 UTC 2023 Update Data (Cron)
Wed Oct 11 11:04:08 UTC 2023 Update Data (Cron)
Wed Oct 11 11:23:23 UTC 2023 Update Data (Cron)
Wed Oct 11 11:43:13 UTC 2023 Update Data (Cron)
Wed Oct 11 12:05:28 UTC 2023 Update Data (Cron)
Wed Oct 11 12:31:15 UTC 2023 Update Data (Cron)
Wed Oct 11 12:49:04 UTC 2023 Update Data (Cron)
Wed Oct 11 13:06:06 UTC 2023 Update Data (Cron)
Wed Oct 11 13:27:28 UTC 2023 Update Data (Cron)
Wed Oct 11 13:43:09 UTC 2023 Update Data (Cron)
Wed Oct 11 14:04:44 UTC 2023 Update Data (Cron)
Wed Oct 11 14:27:00 UTC 2023 Update Data (Cron)
Wed Oct 11 14:43:40 UTC 2023 Update Data (Cron)
Wed Oct 11 15:04:19 UTC 2023 Update Data (Cron)
Wed Oct 11 15:25:05 UTC 2023 Update Data (Cron)
Wed Oct 11 15:43:17 UTC 2023 Update Data (Cron)
Wed Oct 11 16:04:36 UTC 2023 Update Data (Cron)
Wed Oct 11 16:27:51 UTC 2023 Update Data (Cron)
Wed Oct 11 16:43:18 UTC 2023 Update Data (Cron)
Wed Oct 11 17:04:18 UTC 2023 Update Data (Cron)
Wed Oct 11 17:26:12 UTC 2023 Update Data (Cron)
Wed Oct 11 17:43:17 UTC 2023 Update Data (Cron)
Wed Oct 11 18:04:44 UTC 2023 Update Data (Cron)
Wed Oct 11 18:27:48 UTC 2023 Update Data (Cron)
Wed Oct 11 18:43:29 UTC 2023 Update Data (Cron)
Thu Oct 12 04:04:15 UTC 2023 Update Data (Cron)
Thu Oct 12 04:25:57 UTC 2023 Update Data (Cron)
Thu Oct 12 04:42:59 UTC 2023 Update Data (Cron)
Thu Oct 12 05:04:14 UTC 2023 Update Data (Cron)
Thu Oct 12 05:25:52 UTC 2023 Update Data (Cron)
Thu Oct 12 06:04:58 UTC 2023 Update Data (Cron)
Thu Oct 12 06:27:40 UTC 2023 Update Data (Cron)
Thu Oct 12 07:04:54 UTC 2023 Update Data (Cron)
Thu Oct 12 07:24:05 UTC 2023 Update Data (Cron)
Thu Oct 12 07:43:52 UTC 2023 Update Data (Cron)
Thu Oct 12 08:05:26 UTC 2023 Update Data (Cron)
Thu Oct 12 08:43:15 UTC 2023 Update Data (Cron)
Thu Oct 12 09:04:36 UTC 2023 Update Data (Cron)
Thu Oct 12 09:24:47 UTC 2023 Update Data (Cron)
Thu Oct 12 09:43:35 UTC 2023 Update Data (Cron)
Thu Oct 12 10:03:58 UTC 2023 Update Data (Cron)
Thu Oct 12 10:27:26 UTC 2023 Update Data (Cron)
Thu Oct 12 10:43:53 UTC 2023 Update Data (Cron)
Thu Oct 12 11:04:48 UTC 2023 Update Data (Cron)
Thu Oct 12 11:23:36 UTC 2023 Update Data (Cron)
Thu Oct 12 11:43:21 UTC 2023 Update Data (Cron)
Thu Oct 12 12:05:27 UTC 2023 Update Data (Cron)
Thu Oct 12 12:31:14 UTC 2023 Update Data (Cron)
Thu Oct 12 12:48:51 UTC 2023 Update Data (Cron)
Thu Oct 12 13:06:18 UTC 2023 Update Data (Cron)
Thu Oct 12 13:28:45 UTC 2023 Update Data (Cron)
Thu Oct 12 13:43:24 UTC 2023 Update Data (Cron)
Thu Oct 12 14:04:40 UTC 2023 Update Data (Cron)
Thu Oct 12 14:26:27 UTC 2023 Update Data (Cron)
Thu Oct 12 14:43:26 UTC 2023 Update Data (Cron)
Thu Oct 12 15:04:48 UTC 2023 Update Data (Cron)
Thu Oct 12 15:43:44 UTC 2023 Update Data (Cron)
Thu Oct 12 16:04:31 UTC 2023 Update Data (Cron)
Thu Oct 12 16:28:28 UTC 2023 Update Data (Cron)
Thu Oct 12 16:43:38 UTC 2023 Update Data (Cron)
Thu Oct 12 17:04:14 UTC 2023 Update Data (Cron)
Thu Oct 12 17:25:51 UTC 2023 Update Data (Cron)
Thu Oct 12 17:43:28 UTC 2023 Update Data (Cron)
Thu Oct 12 18:04:47 UTC 2023 Update Data (Cron)
Thu Oct 12 18:43:21 UTC 2023 Update Data (Cron)
Fri Oct 13 04:04:37 UTC 2023 Update Data (Cron)
Fri Oct 13 04:26:20 UTC 2023 Update Data (Cron)
Fri Oct 13 04:43:11 UTC 2023 Update Data (Cron)
Fri Oct 13 05:04:20 UTC 2023 Update Data (Cron)
Fri Oct 13 05:26:06 UTC 2023 Update Data (Cron)
Fri Oct 13 06:04:45 UTC 2023 Update Data (Cron)
Fri Oct 13 06:28:06 UTC 2023 Update Data (Cron)
Fri Oct 13 06:43:31 UTC 2023 Update Data (Cron)
Fri Oct 13 07:04:16 UTC 2023 Update Data (Cron)
Fri Oct 13 07:23:51 UTC 2023 Update Data (Cron)
Fri Oct 13 07:42:59 UTC 2023 Update Data (Cron)
Fri Oct 13 08:04:34 UTC 2023 Update Data (Cron)
Fri Oct 13 08:43:18 UTC 2023 Update Data (Cron)
Fri Oct 13 09:04:21 UTC 2023 Update Data (Cron)
Fri Oct 13 09:24:37 UTC 2023 Update Data (Cron)
Fri Oct 13 09:43:26 UTC 2023 Update Data (Cron)
Fri Oct 13 10:04:43 UTC 2023 Update Data (Cron)
Fri Oct 13 10:26:55 UTC 2023 Update Data (Cron)
Fri Oct 13 10:43:23 UTC 2023 Update Data (Cron)
Fri Oct 13 11:03:57 UTC 2023 Update Data (Cron)
Fri Oct 13 11:23:26 UTC 2023 Update Data (Cron)
Fri Oct 13 12:05:01 UTC 2023 Update Data (Cron)
Fri Oct 13 12:31:32 UTC 2023 Update Data (Cron)
Fri Oct 13 12:49:02 UTC 2023 Update Data (Cron)
Fri Oct 13 13:06:11 UTC 2023 Update Data (Cron)
Fri Oct 13 13:27:43 UTC 2023 Update Data (Cron)
Fri Oct 13 13:43:25 UTC 2023 Update Data (Cron)
Fri Oct 13 14:04:29 UTC 2023 Update Data (Cron)
Fri Oct 13 14:26:15 UTC 2023 Update Data (Cron)
Fri Oct 13 14:43:26 UTC 2023 Update Data (Cron)
Fri Oct 13 15:04:33 UTC 2023 Update Data (Cron)
Fri Oct 13 15:25:01 UTC 2023 Update Data (Cron)
Fri Oct 13 15:43:15 UTC 2023 Update Data (Cron)
Fri Oct 13 16:04:31 UTC 2023 Update Data (Cron)
Fri Oct 13 16:27:23 UTC 2023 Update Data (Cron)
Fri Oct 13 16:43:29 UTC 2023 Update Data (Cron)
Fri Oct 13 17:04:28 UTC 2023 Update Data (Cron)
Fri Oct 13 17:25:37 UTC 2023 Update Data (Cron)
Fri Oct 13 17:43:45 UTC 2023 Update Data (Cron)
Fri Oct 13 18:04:14 UTC 2023 Update Data (Cron)
Fri Oct 13 18:27:47 UTC 2023 Update Data (Cron)
Fri Oct 13 18:42:52 UTC 2023 Update Data (Cron)
Sat Oct 14 04:04:12 UTC 2023 Update Data (Cron)
Sat Oct 14 04:26:22 UTC 2023 Update Data (Cron)
Sat Oct 14 04:43:06 UTC 2023 Update Data (Cron)
Sat Oct 14 05:03:49 UTC 2023 Update Data (Cron)
Sat Oct 14 05:25:02 UTC 2023 Update Data (Cron)
Sat Oct 14 05:42:58 UTC 2023 Update Data (Cron)
Sat Oct 14 06:04:15 UTC 2023 Update Data (Cron)
Sat Oct 14 06:26:25 UTC 2023 Update Data (Cron)
Sat Oct 14 06:43:14 UTC 2023 Update Data (Cron)
Sat Oct 14 07:03:46 UTC 2023 Update Data (Cron)
Sat Oct 14 07:23:10 UTC 2023 Update Data (Cron)
Sat Oct 14 07:43:25 UTC 2023 Update Data (Cron)
Sat Oct 14 08:04:24 UTC 2023 Update Data (Cron)
Sat Oct 14 08:43:16 UTC 2023 Update Data (Cron)
Sat Oct 14 09:03:54 UTC 2023 Update Data (Cron)
Sat Oct 14 09:23:44 UTC 2023 Update Data (Cron)
Sat Oct 14 09:43:31 UTC 2023 Update Data (Cron)
Sat Oct 14 10:04:44 UTC 2023 Update Data (Cron)
Sat Oct 14 10:25:40 UTC 2023 Update Data (Cron)
Sat Oct 14 10:42:51 UTC 2023 Update Data (Cron)
Sat Oct 14 11:03:46 UTC 2023 Update Data (Cron)
Sat Oct 14 11:23:34 UTC 2023 Update Data (Cron)
Sat Oct 14 11:43:36 UTC 2023 Update Data (Cron)
Sat Oct 14 12:04:56 UTC 2023 Update Data (Cron)
Sat Oct 14 12:30:45 UTC 2023 Update Data (Cron)
Sat Oct 14 12:47:10 UTC 2023 Update Data (Cron)
Sat Oct 14 13:04:36 UTC 2023 Update Data (Cron)
Sat Oct 14 13:23:36 UTC 2023 Update Data (Cron)
Sat Oct 14 13:43:09 UTC 2023 Update Data (Cron)
Sat Oct 14 14:03:59 UTC 2023 Update Data (Cron)
Sat Oct 14 14:24:36 UTC 2023 Update Data (Cron)
Sat Oct 14 14:43:20 UTC 2023 Update Data (Cron)
Sat Oct 14 15:04:01 UTC 2023 Update Data (Cron)
Sat Oct 14 15:23:22 UTC 2023 Update Data (Cron)
Sat Oct 14 15:43:09 UTC 2023 Update Data (Cron)
Sat Oct 14 16:04:11 UTC 2023 Update Data (Cron)
Sat Oct 14 16:26:40 UTC 2023 Update Data (Cron)
Sat Oct 14 17:04:14 UTC 2023 Update Data (Cron)
Sat Oct 14 17:24:49 UTC 2023 Update Data (Cron)
Sat Oct 14 17:43:27 UTC 2023 Update Data (Cron)
Sat Oct 14 18:04:22 UTC 2023 Update Data (Cron)
Sat Oct 14 18:26:27 UTC 2023 Update Data (Cron)
Sat Oct 14 18:43:22 UTC 2023 Update Data (Cron)
Sun Oct 15 04:04:35 UTC 2023 Update Data (Cron)
Sun Oct 15 04:26:38 UTC 2023 Update Data (Cron)
Sun Oct 15 04:43:26 UTC 2023 Update Data (Cron)
Sun Oct 15 05:04:17 UTC 2023 Update Data (Cron)
Sun Oct 15 05:25:14 UTC 2023 Update Data (Cron)
Sun Oct 15 05:43:11 UTC 2023 Update Data (Cron)
Sun Oct 15 06:04:38 UTC 2023 Update Data (Cron)
Sun Oct 15 06:26:44 UTC 2023 Update Data (Cron)
Sun Oct 15 06:43:32 UTC 2023 Update Data (Cron)
Sun Oct 15 07:04:05 UTC 2023 Update Data (Cron)
Sun Oct 15 07:23:07 UTC 2023 Update Data (Cron)
Sun Oct 15 07:43:05 UTC 2023 Update Data (Cron)
Sun Oct 15 08:04:27 UTC 2023 Update Data (Cron)
Sun Oct 15 08:43:11 UTC 2023 Update Data (Cron)
Sun Oct 15 09:04:06 UTC 2023 Update Data (Cron)
Sun Oct 15 09:23:30 UTC 2023 Update Data (Cron)
Sun Oct 15 09:43:16 UTC 2023 Update Data (Cron)
Sun Oct 15 10:04:21 UTC 2023 Update Data (Cron)
Sun Oct 15 10:26:36 UTC 2023 Update Data (Cron)
Sun Oct 15 10:43:21 UTC 2023 Update Data (Cron)
Sun Oct 15 11:03:54 UTC 2023 Update Data (Cron)
Sun Oct 15 11:23:25 UTC 2023 Update Data (Cron)
Sun Oct 15 11:43:09 UTC 2023 Update Data (Cron)
Sun Oct 15 12:05:22 UTC 2023 Update Data (Cron)
Sun Oct 15 12:31:15 UTC 2023 Update Data (Cron)
Sun Oct 15 13:04:11 UTC 2023 Update Data (Cron)
Sun Oct 15 13:24:39 UTC 2023 Update Data (Cron)
Sun Oct 15 13:43:28 UTC 2023 Update Data (Cron)
Sun Oct 15 14:03:57 UTC 2023 Update Data (Cron)
Sun Oct 15 14:25:01 UTC 2023 Update Data (Cron)
Sun Oct 15 14:43:24 UTC 2023 Update Data (Cron)
Sun Oct 15 15:04:16 UTC 2023 Update Data (Cron)
Sun Oct 15 15:23:15 UTC 2023 Update Data (Cron)
Sun Oct 15 15:43:52 UTC 2023 Update Data (Cron)
Sun Oct 15 16:04:05 UTC 2023 Update Data (Cron)
Sun Oct 15 16:27:07 UTC 2023 Update Data (Cron)
Sun Oct 15 16:43:03 UTC 2023 Update Data (Cron)
Sun Oct 15 17:04:09 UTC 2023 Update Data (Cron)
Sun Oct 15 17:25:11 UTC 2023 Update Data (Cron)
Sun Oct 15 17:43:04 UTC 2023 Update Data (Cron)
Sun Oct 15 18:05:06 UTC 2023 Update Data (Cron)
Sun Oct 15 18:26:07 UTC 2023 Update Data (Cron)
Sun Oct 15 18:43:14 UTC 2023 Update Data (Cron)
Mon Oct 16 04:04:14 UTC 2023 Update Data (Cron)
Mon Oct 16 04:26:19 UTC 2023 Update Data (Cron)
Mon Oct 16 04:43:32 UTC 2023 Update Data (Cron)
Mon Oct 16 05:04:21 UTC 2023 Update Data (Cron)
Mon Oct 16 05:26:21 UTC 2023 Update Data (Cron)
Mon Oct 16 05:43:05 UTC 2023 Update Data (Cron)
Mon Oct 16 06:05:07 UTC 2023 Update Data (Cron)
Mon Oct 16 06:28:24 UTC 2023 Update Data (Cron)
Mon Oct 16 06:43:10 UTC 2023 Update Data (Cron)
Mon Oct 16 07:04:42 UTC 2023 Update Data (Cron)
Mon Oct 16 07:23:41 UTC 2023 Update Data (Cron)
Mon Oct 16 07:43:18 UTC 2023 Update Data (Cron)
Mon Oct 16 08:04:56 UTC 2023 Update Data (Cron)
Mon Oct 16 08:43:28 UTC 2023 Update Data (Cron)
Mon Oct 16 09:05:26 UTC 2023 Update Data (Cron)
Mon Oct 16 09:24:54 UTC 2023 Update Data (Cron)
Mon Oct 16 09:43:36 UTC 2023 Update Data (Cron)
Mon Oct 16 10:04:37 UTC 2023 Update Data (Cron)
Mon Oct 16 10:27:30 UTC 2023 Update Data (Cron)
Mon Oct 16 10:43:08 UTC 2023 Update Data (Cron)
Mon Oct 16 11:04:29 UTC 2023 Update Data (Cron)
Mon Oct 16 11:43:27 UTC 2023 Update Data (Cron)
Mon Oct 16 12:05:51 UTC 2023 Update Data (Cron)
Mon Oct 16 12:31:26 UTC 2023 Update Data (Cron)
Mon Oct 16 12:49:21 UTC 2023 Update Data (Cron)
Mon Oct 16 13:06:29 UTC 2023 Update Data (Cron)
Mon Oct 16 13:43:43 UTC 2023 Update Data (Cron)
Mon Oct 16 14:04:31 UTC 2023 Update Data (Cron)
Mon Oct 16 14:27:11 UTC 2023 Update Data (Cron)
Mon Oct 16 14:43:31 UTC 2023 Update Data (Cron)
Mon Oct 16 15:04:36 UTC 2023 Update Data (Cron)
Mon Oct 16 15:24:48 UTC 2023 Update Data (Cron)
Mon Oct 16 15:43:35 UTC 2023 Update Data (Cron)
Mon Oct 16 16:04:52 UTC 2023 Update Data (Cron)
Mon Oct 16 16:28:39 UTC 2023 Update Data (Cron)
Mon Oct 16 16:44:14 UTC 2023 Update Data (Cron)
Mon Oct 16 17:04:29 UTC 2023 Update Data (Cron)
Mon Oct 16 17:25:48 UTC 2023 Update Data (Cron)
Mon Oct 16 17:43:34 UTC 2023 Update Data (Cron)
Mon Oct 16 18:04:35 UTC 2023 Update Data (Cron)
Mon Oct 16 18:28:07 UTC 2023 Update Data (Cron)
Mon Oct 16 18:43:13 UTC 2023 Update Data (Cron)
Tue Oct 17 04:04:11 UTC 2023 Update Data (Cron)
Tue Oct 17 04:26:24 UTC 2023 Update Data (Cron)
Tue Oct 17 04:43:35 UTC 2023 Update Data (Cron)
Tue Oct 17 05:03:59 UTC 2023 Update Data (Cron)
Tue Oct 17 05:25:48 UTC 2023 Update Data (Cron)
Tue Oct 17 05:43:32 UTC 2023 Update Data (Cron)
Tue Oct 17 06:05:19 UTC 2023 Update Data (Cron)
Tue Oct 17 06:28:21 UTC 2023 Update Data (Cron)
Tue Oct 17 06:43:26 UTC 2023 Update Data (Cron)
Tue Oct 17 07:04:19 UTC 2023 Update Data (Cron)
Tue Oct 17 07:23:16 UTC 2023 Update Data (Cron)
Tue Oct 17 07:43:06 UTC 2023 Update Data (Cron)
Tue Oct 17 08:05:03 UTC 2023 Update Data (Cron)
Tue Oct 17 10:43:16 UTC 2023 Update Data (Cron)
Tue Oct 17 11:04:01 UTC 2023 Update Data (Cron)
Tue Oct 17 11:23:33 UTC 2023 Update Data (Cron)
Tue Oct 17 11:43:03 UTC 2023 Update Data (Cron)
Tue Oct 17 12:05:57 UTC 2023 Update Data (Cron)
Tue Oct 17 12:31:33 UTC 2023 Update Data (Cron)
Tue Oct 17 12:49:11 UTC 2023 Update Data (Cron)
Tue Oct 17 13:06:14 UTC 2023 Update Data (Cron)
Tue Oct 17 13:26:38 UTC 2023 Update Data (Cron)
Tue Oct 17 13:43:31 UTC 2023 Update Data (Cron)
Tue Oct 17 14:04:17 UTC 2023 Update Data (Cron)
Tue Oct 17 14:26:35 UTC 2023 Update Data (Cron)
Tue Oct 17 14:43:25 UTC 2023 Update Data (Cron)
Tue Oct 17 15:04:32 UTC 2023 Update Data (Cron)
Tue Oct 17 15:25:21 UTC 2023 Update Data (Cron)
Tue Oct 17 15:43:18 UTC 2023 Update Data (Cron)
Tue Oct 17 16:04:41 UTC 2023 Update Data (Cron)
Tue Oct 17 16:28:18 UTC 2023 Update Data (Cron)
Tue Oct 17 16:43:55 UTC 2023 Update Data (Cron)
Tue Oct 17 17:04:29 UTC 2023 Update Data (Cron)
Tue Oct 17 17:25:39 UTC 2023 Update Data (Cron)
Tue Oct 17 17:43:20 UTC 2023 Update Data (Cron)
Tue Oct 17 18:04:37 UTC 2023 Update Data (Cron)
Tue Oct 17 18:28:04 UTC 2023 Update Data (Cron)
Tue Oct 17 18:43:55 UTC 2023 Update Data (Cron)
Wed Oct 18 04:04:38 UTC 2023 Update Data (Cron)
Wed Oct 18 04:26:47 UTC 2023 Update Data (Cron)
Wed Oct 18 04:43:34 UTC 2023 Update Data (Cron)
Wed Oct 18 05:04:42 UTC 2023 Update Data (Cron)
Wed Oct 18 05:25:31 UTC 2023 Update Data (Cron)
Wed Oct 18 05:43:18 UTC 2023 Update Data (Cron)
Wed Oct 18 06:05:08 UTC 2023 Update Data (Cron)
Wed Oct 18 06:28:00 UTC 2023 Update Data (Cron)
Wed Oct 18 06:43:39 UTC 2023 Update Data (Cron)
Wed Oct 18 07:04:05 UTC 2023 Update Data (Cron)
Wed Oct 18 07:23:28 UTC 2023 Update Data (Cron)
Wed Oct 18 07:43:31 UTC 2023 Update Data (Cron)
Wed Oct 18 08:04:37 UTC 2023 Update Data (Cron)
Wed Oct 18 08:43:44 UTC 2023 Update Data (Cron)
Wed Oct 18 09:04:27 UTC 2023 Update Data (Cron)
Wed Oct 18 09:24:48 UTC 2023 Update Data (Cron)
Wed Oct 18 09:43:17 UTC 2023 Update Data (Cron)
Wed Oct 18 10:04:34 UTC 2023 Update Data (Cron)
Wed Oct 18 10:27:10 UTC 2023 Update Data (Cron)
Wed Oct 18 10:43:35 UTC 2023 Update Data (Cron)
Wed Oct 18 11:04:06 UTC 2023 Update Data (Cron)
Wed Oct 18 11:23:08 UTC 2023 Update Data (Cron)
Wed Oct 18 11:43:26 UTC 2023 Update Data (Cron)
Wed Oct 18 12:05:14 UTC 2023 Update Data (Cron)
Wed Oct 18 12:31:34 UTC 2023 Update Data (Cron)
Wed Oct 18 12:49:15 UTC 2023 Update Data (Cron)
Wed Oct 18 13:05:56 UTC 2023 Update Data (Cron)
Wed Oct 18 13:26:53 UTC 2023 Update Data (Cron)
Wed Oct 18 13:43:23 UTC 2023 Update Data (Cron)
Wed Oct 18 14:04:28 UTC 2023 Update Data (Cron)
Wed Oct 18 14:26:25 UTC 2023 Update Data (Cron)
Wed Oct 18 14:43:23 UTC 2023 Update Data (Cron)
Wed Oct 18 15:04:21 UTC 2023 Update Data (Cron)
Wed Oct 18 15:25:08 UTC 2023 Update Data (Cron)
Wed Oct 18 15:43:43 UTC 2023 Update Data (Cron)
Wed Oct 18 16:04:23 UTC 2023 Update Data (Cron)
Wed Oct 18 16:28:41 UTC 2023 Update Data (Cron)
Wed Oct 18 16:44:06 UTC 2023 Update Data (Cron)
Wed Oct 18 17:05:17 UTC 2023 Update Data (Cron)
Wed Oct 18 17:25:56 UTC 2023 Update Data (Cron)
Wed Oct 18 17:44:19 UTC 2023 Update Data (Cron)
Wed Oct 18 18:04:46 UTC 2023 Update Data (Cron)
Wed Oct 18 18:28:05 UTC 2023 Update Data (Cron)
Wed Oct 18 18:43:15 UTC 2023 Update Data (Cron)
Thu Oct 19 04:04:34 UTC 2023 Update Data (Cron)
Thu Oct 19 04:26:23 UTC 2023 Update Data (Cron)
Thu Oct 19 04:43:31 UTC 2023 Update Data (Cron)
Thu Oct 19 05:04:20 UTC 2023 Update Data (Cron)
Thu Oct 19 05:26:10 UTC 2023 Update Data (Cron)
Thu Oct 19 05:43:43 UTC 2023 Update Data (Cron)
Thu Oct 19 06:04:49 UTC 2023 Update Data (Cron)
Thu Oct 19 06:27:54 UTC 2023 Update Data (Cron)
Thu Oct 19 06:43:23 UTC 2023 Update Data (Cron)
Thu Oct 19 07:04:19 UTC 2023 Update Data (Cron)
Thu Oct 19 07:23:38 UTC 2023 Update Data (Cron)
Thu Oct 19 07:43:32 UTC 2023 Update Data (Cron)
Thu Oct 19 08:04:26 UTC 2023 Update Data (Cron)
Thu Oct 19 08:43:19 UTC 2023 Update Data (Cron)
Thu Oct 19 09:04:53 UTC 2023 Update Data (Cron)
Thu Oct 19 09:24:28 UTC 2023 Update Data (Cron)
Thu Oct 19 09:43:39 UTC 2023 Update Data (Cron)
Thu Oct 19 10:04:41 UTC 2023 Update Data (Cron)
Thu Oct 19 10:27:09 UTC 2023 Update Data (Cron)
Thu Oct 19 10:43:29 UTC 2023 Update Data (Cron)
Thu Oct 19 11:04:12 UTC 2023 Update Data (Cron)
Thu Oct 19 11:23:47 UTC 2023 Update Data (Cron)
Thu Oct 19 11:43:08 UTC 2023 Update Data (Cron)
Thu Oct 19 12:05:26 UTC 2023 Update Data (Cron)
Thu Oct 19 12:31:35 UTC 2023 Update Data (Cron)
Thu Oct 19 12:49:20 UTC 2023 Update Data (Cron)
Thu Oct 19 13:06:19 UTC 2023 Update Data (Cron)
Thu Oct 19 13:28:58 UTC 2023 Update Data (Cron)
Thu Oct 19 13:43:31 UTC 2023 Update Data (Cron)
Thu Oct 19 14:04:43 UTC 2023 Update Data (Cron)
Thu Oct 19 14:26:23 UTC 2023 Update Data (Cron)
Thu Oct 19 14:43:58 UTC 2023 Update Data (Cron)
Thu Oct 19 15:04:14 UTC 2023 Update Data (Cron)
Thu Oct 19 15:25:15 UTC 2023 Update Data (Cron)
Thu Oct 19 15:43:04 UTC 2023 Update Data (Cron)
Thu Oct 19 16:04:41 UTC 2023 Update Data (Cron)
Thu Oct 19 16:28:09 UTC 2023 Update Data (Cron)
Thu Oct 19 17:09:31 UTC 2023 Update Data (Cron)
Thu Oct 19 17:26:04 UTC 2023 Update Data (Cron)
Thu Oct 19 17:43:52 UTC 2023 Update Data (Cron)
Thu Oct 19 18:05:11 UTC 2023 Update Data (Cron)
Thu Oct 19 18:27:43 UTC 2023 Update Data (Cron)
Thu Oct 19 18:44:14 UTC 2023 Update Data (Cron)
Thu Oct 19 19:04:31 UTC 2023 Update Data (Cron)
Thu Oct 19 19:23:53 UTC 2023 Update Data (Cron)
Thu Oct 19 19:43:42 UTC 2023 Update Data (Cron)
Thu Oct 19 20:05:05 UTC 2023 Update Data (Cron)
Thu Oct 19 20:25:00 UTC 2023 Update Data (Cron)
Thu Oct 19 20:43:31 UTC 2023 Update Data (Cron)
Thu Oct 19 21:04:25 UTC 2023 Update Data (Cron)
Thu Oct 19 21:24:12 UTC 2023 Update Data (Cron)
Thu Oct 19 21:43:46 UTC 2023 Update Data (Cron)
Thu Oct 19 22:04:49 UTC 2023 Update Data (Cron)
Thu Oct 19 22:26:05 UTC 2023 Update Data (Cron)
Thu Oct 19 22:43:43 UTC 2023 Update Data (Cron)
Thu Oct 19 23:05:10 UTC 2023 Update Data (Cron)
Thu Oct 19 23:24:21 UTC 2023 Update Data (Cron)
Thu Oct 19 23:43:59 UTC 2023 Update Data (Cron)
Fri Oct 20 00:13:03 UTC 2023 Update Data (Cron)
Fri Oct 20 00:34:36 UTC 2023 Update Data (Cron)
Fri Oct 20 01:02:27 UTC 2023 Update Data (Cron)
Fri Oct 20 01:39:05 UTC 2023 Update Data (Cron)
Fri Oct 20 02:00:27 UTC 2023 Update Data (Cron)
Fri Oct 20 02:13:48 UTC 2023 Update Data (Cron)
Fri Oct 20 02:27:59 UTC 2023 Update Data (Cron)
Fri Oct 20 02:44:09 UTC 2023 Update Data (Cron)
Fri Oct 20 03:04:43 UTC 2023 Update Data (Cron)
Fri Oct 20 03:24:33 UTC 2023 Update Data (Cron)
Fri Oct 20 03:43:44 UTC 2023 Update Data (Cron)
Fri Oct 20 04:04:53 UTC 2023 Update Data (Cron)
Fri Oct 20 04:26:47 UTC 2023 Update Data (Cron)
Fri Oct 20 04:43:58 UTC 2023 Update Data (Cron)
Fri Oct 20 05:05:08 UTC 2023 Update Data (Cron)
Fri Oct 20 05:25:52 UTC 2023 Update Data (Cron)
Fri Oct 20 05:43:57 UTC 2023 Update Data (Cron)
Fri Oct 20 06:05:16 UTC 2023 Update Data (Cron)
Fri Oct 20 06:27:59 UTC 2023 Update Data (Cron)
Fri Oct 20 06:43:36 UTC 2023 Update Data (Cron)
Fri Oct 20 07:05:16 UTC 2023 Update Data (Cron)
Fri Oct 20 07:24:09 UTC 2023 Update Data (Cron)
Fri Oct 20 07:44:03 UTC 2023 Update Data (Cron)
Fri Oct 20 08:05:02 UTC 2023 Update Data (Cron)
Fri Oct 20 08:43:39 UTC 2023 Update Data (Cron)
Fri Oct 20 09:04:50 UTC 2023 Update Data (Cron)
Fri Oct 20 09:24:35 UTC 2023 Update Data (Cron)
Fri Oct 20 09:43:33 UTC 2023 Update Data (Cron)
Fri Oct 20 10:04:51 UTC 2023 Update Data (Cron)
Fri Oct 20 10:27:36 UTC 2023 Update Data (Cron)
Fri Oct 20 10:43:44 UTC 2023 Update Data (Cron)
Fri Oct 20 11:05:01 UTC 2023 Update Data (Cron)
Fri Oct 20 11:24:01 UTC 2023 Update Data (Cron)
Fri Oct 20 11:44:04 UTC 2023 Update Data (Cron)
Fri Oct 20 12:05:56 UTC 2023 Update Data (Cron)
Fri Oct 20 12:31:42 UTC 2023 Update Data (Cron)
Fri Oct 20 12:49:04 UTC 2023 Update Data (Cron)
Fri Oct 20 13:06:02 UTC 2023 Update Data (Cron)
Fri Oct 20 13:26:06 UTC 2023 Update Data (Cron)
Fri Oct 20 13:44:21 UTC 2023 Update Data (Cron)
Fri Oct 20 14:04:57 UTC 2023 Update Data (Cron)
Fri Oct 20 14:26:27 UTC 2023 Update Data (Cron)
Fri Oct 20 14:43:44 UTC 2023 Update Data (Cron)
Fri Oct 20 15:04:46 UTC 2023 Update Data (Cron)
Fri Oct 20 15:24:26 UTC 2023 Update Data (Cron)
Fri Oct 20 15:43:41 UTC 2023 Update Data (Cron)
Fri Oct 20 16:05:04 UTC 2023 Update Data (Cron)
Fri Oct 20 16:27:58 UTC 2023 Update Data (Cron)
Fri Oct 20 16:43:59 UTC 2023 Update Data (Cron)
Fri Oct 20 17:05:01 UTC 2023 Update Data (Cron)
Fri Oct 20 17:25:25 UTC 2023 Update Data (Cron)
Fri Oct 20 17:43:34 UTC 2023 Update Data (Cron)
Fri Oct 20 18:05:14 UTC 2023 Update Data (Cron)
Fri Oct 20 18:26:51 UTC 2023 Update Data (Cron)
Fri Oct 20 18:43:45 UTC 2023 Update Data (Cron)
Fri Oct 20 19:04:30 UTC 2023 Update Data (Cron)
Fri Oct 20 19:24:02 UTC 2023 Update Data (Cron)
Fri Oct 20 19:44:03 UTC 2023 Update Data (Cron)
Fri Oct 20 20:04:41 UTC 2023 Update Data (Cron)
Fri Oct 20 20:24:28 UTC 2023 Update Data (Cron)
Fri Oct 20 20:43:39 UTC 2023 Update Data (Cron)
Fri Oct 20 21:04:36 UTC 2023 Update Data (Cron)
Fri Oct 20 21:23:52 UTC 2023 Update Data (Cron)
Fri Oct 20 21:43:30 UTC 2023 Update Data (Cron)
Fri Oct 20 22:04:46 UTC 2023 Update Data (Cron)
Fri Oct 20 22:26:10 UTC 2023 Update Data (Cron)
Fri Oct 20 22:43:25 UTC 2023 Update Data (Cron)
Fri Oct 20 23:04:44 UTC 2023 Update Data (Cron)
Fri Oct 20 23:23:59 UTC 2023 Update Data (Cron)
Fri Oct 20 23:44:46 UTC 2023 Update Data (Cron)
Sat Oct 21 00:14:13 UTC 2023 Update Data (Cron)
Sat Oct 21 00:34:42 UTC 2023 Update Data (Cron)
Sat Oct 21 01:02:59 UTC 2023 Update Data (Cron)
Sat Oct 21 01:37:32 UTC 2023 Update Data (Cron)
Sat Oct 21 01:57:24 UTC 2023 Update Data (Cron)
Sat Oct 21 02:10:38 UTC 2023 Update Data (Cron)
Sat Oct 21 02:26:49 UTC 2023 Update Data (Cron)
Sat Oct 21 02:44:07 UTC 2023 Update Data (Cron)
Sat Oct 21 03:05:03 UTC 2023 Update Data (Cron)
Sat Oct 21 03:24:22 UTC 2023 Update Data (Cron)
Sat Oct 21 03:43:55 UTC 2023 Update Data (Cron)
Sat Oct 21 04:05:12 UTC 2023 Update Data (Cron)
Sat Oct 21 04:26:34 UTC 2023 Update Data (Cron)
Sat Oct 21 04:44:10 UTC 2023 Update Data (Cron)
Sat Oct 21 05:05:08 UTC 2023 Update Data (Cron)
Sat Oct 21 05:25:51 UTC 2023 Update Data (Cron)
Sat Oct 21 05:43:57 UTC 2023 Update Data (Cron)
Sat Oct 21 06:04:47 UTC 2023 Update Data (Cron)
Sat Oct 21 06:26:45 UTC 2023 Update Data (Cron)
Sat Oct 21 06:44:00 UTC 2023 Update Data (Cron)
Sat Oct 21 07:04:42 UTC 2023 Update Data (Cron)
Sat Oct 21 07:23:33 UTC 2023 Update Data (Cron)
Sat Oct 21 07:43:56 UTC 2023 Update Data (Cron)
Sat Oct 21 08:04:58 UTC 2023 Update Data (Cron)
Sat Oct 21 08:43:43 UTC 2023 Update Data (Cron)
Sat Oct 21 09:04:40 UTC 2023 Update Data (Cron)
Sat Oct 21 09:23:57 UTC 2023 Update Data (Cron)
Sat Oct 21 09:43:50 UTC 2023 Update Data (Cron)
Sat Oct 21 10:04:49 UTC 2023 Update Data (Cron)
Sat Oct 21 10:26:26 UTC 2023 Update Data (Cron)
Sat Oct 21 10:43:50 UTC 2023 Update Data (Cron)
Sat Oct 21 11:04:37 UTC 2023 Update Data (Cron)
Sat Oct 21 11:23:44 UTC 2023 Update Data (Cron)
Sat Oct 21 11:44:00 UTC 2023 Update Data (Cron)
Sat Oct 21 12:05:33 UTC 2023 Update Data (Cron)
Sat Oct 21 12:31:47 UTC 2023 Update Data (Cron)
Sat Oct 21 12:47:16 UTC 2023 Update Data (Cron)
Sat Oct 21 13:05:11 UTC 2023 Update Data (Cron)
Sat Oct 21 13:24:25 UTC 2023 Update Data (Cron)
Sat Oct 21 13:43:36 UTC 2023 Update Data (Cron)
Sat Oct 21 14:04:30 UTC 2023 Update Data (Cron)
Sat Oct 21 14:25:04 UTC 2023 Update Data (Cron)
Sat Oct 21 14:44:02 UTC 2023 Update Data (Cron)
Sat Oct 21 15:04:43 UTC 2023 Update Data (Cron)
Sat Oct 21 15:24:00 UTC 2023 Update Data (Cron)
Sat Oct 21 15:43:56 UTC 2023 Update Data (Cron)
Sat Oct 21 16:04:59 UTC 2023 Update Data (Cron)
Sat Oct 21 16:27:05 UTC 2023 Update Data (Cron)
Sat Oct 21 16:43:32 UTC 2023 Update Data (Cron)
Sat Oct 21 17:04:43 UTC 2023 Update Data (Cron)
Sat Oct 21 17:25:43 UTC 2023 Update Data (Cron)
Sat Oct 21 17:43:46 UTC 2023 Update Data (Cron)
Sat Oct 21 18:05:31 UTC 2023 Update Data (Cron)
Sat Oct 21 18:26:41 UTC 2023 Update Data (Cron)
Sat Oct 21 18:43:30 UTC 2023 Update Data (Cron)
Sat Oct 21 19:04:36 UTC 2023 Update Data (Cron)
Sat Oct 21 19:23:54 UTC 2023 Update Data (Cron)
Sat Oct 21 19:43:50 UTC 2023 Update Data (Cron)
Sat Oct 21 20:05:09 UTC 2023 Update Data (Cron)
Sat Oct 21 20:23:48 UTC 2023 Update Data (Cron)
Sat Oct 21 20:43:39 UTC 2023 Update Data (Cron)
Sat Oct 21 21:04:59 UTC 2023 Update Data (Cron)
Sat Oct 21 21:24:01 UTC 2023 Update Data (Cron)
Sat Oct 21 21:44:09 UTC 2023 Update Data (Cron)
Sat Oct 21 22:04:44 UTC 2023 Update Data (Cron)
Sat Oct 21 22:25:48 UTC 2023 Update Data (Cron)
Sat Oct 21 22:43:54 UTC 2023 Update Data (Cron)
Sat Oct 21 23:04:51 UTC 2023 Update Data (Cron)
Sat Oct 21 23:24:02 UTC 2023 Update Data (Cron)
Sat Oct 21 23:43:37 UTC 2023 Update Data (Cron)
Sun Oct 22 00:15:16 UTC 2023 Update Data (Cron)
Sun Oct 22 00:35:14 UTC 2023 Update Data (Cron)
Sun Oct 22 01:02:55 UTC 2023 Update Data (Cron)
Sun Oct 22 01:42:01 UTC 2023 Update Data (Cron)
Sun Oct 22 02:13:04 UTC 2023 Update Data (Cron)
Sun Oct 22 02:28:59 UTC 2023 Update Data (Cron)
Sun Oct 22 02:44:13 UTC 2023 Update Data (Cron)
Sun Oct 22 03:04:52 UTC 2023 Update Data (Cron)
Sun Oct 22 03:24:42 UTC 2023 Update Data (Cron)
Sun Oct 22 03:43:59 UTC 2023 Update Data (Cron)
Sun Oct 22 04:04:58 UTC 2023 Update Data (Cron)
Sun Oct 22 04:26:07 UTC 2023 Update Data (Cron)
Sun Oct 22 04:43:54 UTC 2023 Update Data (Cron)
Sun Oct 22 05:04:46 UTC 2023 Update Data (Cron)
Sun Oct 22 05:25:57 UTC 2023 Update Data (Cron)
Sun Oct 22 05:43:41 UTC 2023 Update Data (Cron)
Sun Oct 22 06:05:00 UTC 2023 Update Data (Cron)
Sun Oct 22 06:26:56 UTC 2023 Update Data (Cron)
Sun Oct 22 06:43:52 UTC 2023 Update Data (Cron)
Sun Oct 22 07:04:36 UTC 2023 Update Data (Cron)
Sun Oct 22 07:23:53 UTC 2023 Update Data (Cron)
Sun Oct 22 07:43:42 UTC 2023 Update Data (Cron)
Sun Oct 22 08:05:06 UTC 2023 Update Data (Cron)
Sun Oct 22 08:43:47 UTC 2023 Update Data (Cron)
Sun Oct 22 09:04:31 UTC 2023 Update Data (Cron)
Sun Oct 22 09:23:58 UTC 2023 Update Data (Cron)
Sun Oct 22 09:44:04 UTC 2023 Update Data (Cron)
Sun Oct 22 10:04:37 UTC 2023 Update Data (Cron)
Sun Oct 22 10:26:39 UTC 2023 Update Data (Cron)
Sun Oct 22 10:43:53 UTC 2023 Update Data (Cron)
Sun Oct 22 11:05:05 UTC 2023 Update Data (Cron)
Sun Oct 22 11:23:26 UTC 2023 Update Data (Cron)
Sun Oct 22 11:43:36 UTC 2023 Update Data (Cron)
Sun Oct 22 12:05:50 UTC 2023 Update Data (Cron)
Sun Oct 22 12:31:17 UTC 2023 Update Data (Cron)
Sun Oct 22 12:47:24 UTC 2023 Update Data (Cron)
Sun Oct 22 13:04:42 UTC 2023 Update Data (Cron)
Sun Oct 22 13:24:07 UTC 2023 Update Data (Cron)
Sun Oct 22 13:43:51 UTC 2023 Update Data (Cron)
Sun Oct 22 14:04:28 UTC 2023 Update Data (Cron)
Sun Oct 22 14:25:18 UTC 2023 Update Data (Cron)
Sun Oct 22 14:43:34 UTC 2023 Update Data (Cron)
Sun Oct 22 15:05:14 UTC 2023 Update Data (Cron)
Sun Oct 22 15:24:25 UTC 2023 Update Data (Cron)
Sun Oct 22 15:43:41 UTC 2023 Update Data (Cron)
Sun Oct 22 16:05:11 UTC 2023 Update Data (Cron)
Sun Oct 22 16:27:11 UTC 2023 Update Data (Cron)
Sun Oct 22 17:04:40 UTC 2023 Update Data (Cron)
Sun Oct 22 17:25:56 UTC 2023 Update Data (Cron)
Sun Oct 22 17:43:55 UTC 2023 Update Data (Cron)
Sun Oct 22 18:04:56 UTC 2023 Update Data (Cron)
Sun Oct 22 18:26:23 UTC 2023 Update Data (Cron)
Sun Oct 22 18:43:52 UTC 2023 Update Data (Cron)
Sun Oct 22 19:05:12 UTC 2023 Update Data (Cron)
Sun Oct 22 19:23:50 UTC 2023 Update Data (Cron)
Sun Oct 22 19:43:38 UTC 2023 Update Data (Cron)
Sun Oct 22 20:04:56 UTC 2023 Update Data (Cron)
Sun Oct 22 20:24:51 UTC 2023 Update Data (Cron)
Sun Oct 22 20:44:00 UTC 2023 Update Data (Cron)
Sun Oct 22 21:04:45 UTC 2023 Update Data (Cron)
Sun Oct 22 21:23:50 UTC 2023 Update Data (Cron)
Sun Oct 22 21:43:45 UTC 2023 Update Data (Cron)
Sun Oct 22 22:04:55 UTC 2023 Update Data (Cron)
Sun Oct 22 22:25:45 UTC 2023 Update Data (Cron)
Sun Oct 22 22:43:59 UTC 2023 Update Data (Cron)
Sun Oct 22 23:04:25 UTC 2023 Update Data (Cron)
Sun Oct 22 23:24:13 UTC 2023 Update Data (Cron)
Sun Oct 22 23:43:46 UTC 2023 Update Data (Cron)
Mon Oct 23 00:13:30 UTC 2023 Update Data (Cron)
Mon Oct 23 00:34:21 UTC 2023 Update Data (Cron)
Mon Oct 23 01:02:18 UTC 2023 Update Data (Cron)
Mon Oct 23 01:39:25 UTC 2023 Update Data (Cron)
Mon Oct 23 02:00:33 UTC 2023 Update Data (Cron)
Mon Oct 23 02:14:49 UTC 2023 Update Data (Cron)
Mon Oct 23 02:28:42 UTC 2023 Update Data (Cron)
Mon Oct 23 02:43:31 UTC 2023 Update Data (Cron)
Mon Oct 23 03:05:02 UTC 2023 Update Data (Cron)
Mon Oct 23 03:25:15 UTC 2023 Update Data (Cron)
Mon Oct 23 03:43:48 UTC 2023 Update Data (Cron)
Mon Oct 23 04:04:40 UTC 2023 Update Data (Cron)
Mon Oct 23 04:26:49 UTC 2023 Update Data (Cron)
Mon Oct 23 04:43:51 UTC 2023 Update Data (Cron)
Mon Oct 23 05:04:40 UTC 2023 Update Data (Cron)
Mon Oct 23 05:25:57 UTC 2023 Update Data (Cron)
Mon Oct 23 05:43:48 UTC 2023 Update Data (Cron)
Mon Oct 23 06:05:22 UTC 2023 Update Data (Cron)
Mon Oct 23 06:28:03 UTC 2023 Update Data (Cron)
Mon Oct 23 06:43:29 UTC 2023 Update Data (Cron)
Mon Oct 23 07:05:16 UTC 2023 Update Data (Cron)
Mon Oct 23 07:23:45 UTC 2023 Update Data (Cron)
Mon Oct 23 07:43:49 UTC 2023 Update Data (Cron)
Mon Oct 23 08:43:52 UTC 2023 Update Data (Cron)
Mon Oct 23 09:05:09 UTC 2023 Update Data (Cron)
Mon Oct 23 09:25:21 UTC 2023 Update Data (Cron)
Mon Oct 23 09:43:54 UTC 2023 Update Data (Cron)
Mon Oct 23 10:05:20 UTC 2023 Update Data (Cron)
Mon Oct 23 10:27:44 UTC 2023 Update Data (Cron)
Mon Oct 23 10:43:46 UTC 2023 Update Data (Cron)
Mon Oct 23 11:04:21 UTC 2023 Update Data (Cron)
Mon Oct 23 11:24:00 UTC 2023 Update Data (Cron)
Mon Oct 23 11:44:11 UTC 2023 Update Data (Cron)
Mon Oct 23 12:06:18 UTC 2023 Update Data (Cron)
Mon Oct 23 12:32:01 UTC 2023 Update Data (Cron)
Mon Oct 23 12:49:35 UTC 2023 Update Data (Cron)
Mon Oct 23 13:06:24 UTC 2023 Update Data (Cron)
Mon Oct 23 13:27:10 UTC 2023 Update Data (Cron)
Mon Oct 23 13:44:23 UTC 2023 Update Data (Cron)
Mon Oct 23 14:04:55 UTC 2023 Update Data (Cron)
Mon Oct 23 14:27:17 UTC 2023 Update Data (Cron)
Mon Oct 23 14:43:54 UTC 2023 Update Data (Cron)
Mon Oct 23 15:04:51 UTC 2023 Update Data (Cron)
Mon Oct 23 15:25:08 UTC 2023 Update Data (Cron)
Mon Oct 23 15:44:01 UTC 2023 Update Data (Cron)
Mon Oct 23 16:05:15 UTC 2023 Update Data (Cron)
Mon Oct 23 16:27:55 UTC 2023 Update Data (Cron)
Mon Oct 23 16:43:46 UTC 2023 Update Data (Cron)
Mon Oct 23 17:04:37 UTC 2023 Update Data (Cron)
Mon Oct 23 17:43:46 UTC 2023 Update Data (Cron)
Mon Oct 23 18:04:40 UTC 2023 Update Data (Cron)
Mon Oct 23 18:27:16 UTC 2023 Update Data (Cron)
Mon Oct 23 18:43:49 UTC 2023 Update Data (Cron)
Mon Oct 23 19:05:01 UTC 2023 Update Data (Cron)
Mon Oct 23 19:23:48 UTC 2023 Update Data (Cron)
Mon Oct 23 19:44:15 UTC 2023 Update Data (Cron)
Mon Oct 23 20:24:26 UTC 2023 Update Data (Cron)
Mon Oct 23 21:05:25 UTC 2023 Update Data (Cron)
Mon Oct 23 21:23:56 UTC 2023 Update Data (Cron)
Mon Oct 23 21:44:19 UTC 2023 Update Data (Cron)
Mon Oct 23 22:04:56 UTC 2023 Update Data (Cron)
Mon Oct 23 22:26:26 UTC 2023 Update Data (Cron)
Mon Oct 23 22:43:41 UTC 2023 Update Data (Cron)
Mon Oct 23 23:04:44 UTC 2023 Update Data (Cron)
Mon Oct 23 23:24:34 UTC 2023 Update Data (Cron)
Mon Oct 23 23:43:55 UTC 2023 Update Data (Cron)
Tue Oct 24 00:13:00 UTC 2023 Update Data (Cron)
Tue Oct 24 00:34:22 UTC 2023 Update Data (Cron)
Tue Oct 24 01:02:29 UTC 2023 Update Data (Cron)
Tue Oct 24 01:39:15 UTC 2023 Update Data (Cron)
Tue Oct 24 01:59:58 UTC 2023 Update Data (Cron)
Tue Oct 24 02:14:17 UTC 2023 Update Data (Cron)
Tue Oct 24 02:28:20 UTC 2023 Update Data (Cron)
Tue Oct 24 02:43:55 UTC 2023 Update Data (Cron)
Tue Oct 24 03:05:17 UTC 2023 Update Data (Cron)
Tue Oct 24 03:25:33 UTC 2023 Update Data (Cron)
Tue Oct 24 03:43:57 UTC 2023 Update Data (Cron)
Tue Oct 24 04:04:59 UTC 2023 Update Data (Cron)
Tue Oct 24 04:26:48 UTC 2023 Update Data (Cron)
Tue Oct 24 04:43:37 UTC 2023 Update Data (Cron)
Tue Oct 24 05:04:50 UTC 2023 Update Data (Cron)
Tue Oct 24 05:26:02 UTC 2023 Update Data (Cron)
Tue Oct 24 05:43:50 UTC 2023 Update Data (Cron)
Tue Oct 24 06:04:59 UTC 2023 Update Data (Cron)
Tue Oct 24 06:28:27 UTC 2023 Update Data (Cron)
Tue Oct 24 06:43:44 UTC 2023 Update Data (Cron)
Tue Oct 24 07:05:12 UTC 2023 Update Data (Cron)
Tue Oct 24 07:23:40 UTC 2023 Update Data (Cron)
Tue Oct 24 07:43:50 UTC 2023 Update Data (Cron)
Tue Oct 24 08:05:48 UTC 2023 Update Data (Cron)
Tue Oct 24 08:43:53 UTC 2023 Update Data (Cron)
Tue Oct 24 09:05:06 UTC 2023 Update Data (Cron)
Tue Oct 24 09:25:25 UTC 2023 Update Data (Cron)
Tue Oct 24 09:43:48 UTC 2023 Update Data (Cron)
Tue Oct 24 10:04:46 UTC 2023 Update Data (Cron)
Tue Oct 24 10:27:58 UTC 2023 Update Data (Cron)
Tue Oct 24 10:44:06 UTC 2023 Update Data (Cron)
Tue Oct 24 11:04:33 UTC 2023 Update Data (Cron)
Tue Oct 24 11:24:02 UTC 2023 Update Data (Cron)
Tue Oct 24 11:43:51 UTC 2023 Update Data (Cron)
Tue Oct 24 12:06:04 UTC 2023 Update Data (Cron)
Tue Oct 24 12:31:29 UTC 2023 Update Data (Cron)
Tue Oct 24 12:49:08 UTC 2023 Update Data (Cron)
Tue Oct 24 13:06:04 UTC 2023 Update Data (Cron)
Tue Oct 24 13:26:52 UTC 2023 Update Data (Cron)
Tue Oct 24 13:43:31 UTC 2023 Update Data (Cron)
Tue Oct 24 14:04:32 UTC 2023 Update Data (Cron)
Tue Oct 24 14:26:26 UTC 2023 Update Data (Cron)
Tue Oct 24 14:44:05 UTC 2023 Update Data (Cron)
Tue Oct 24 15:05:18 UTC 2023 Update Data (Cron)
Tue Oct 24 15:26:14 UTC 2023 Update Data (Cron)
Tue Oct 24 15:43:56 UTC 2023 Update Data (Cron)
Tue Oct 24 16:05:15 UTC 2023 Update Data (Cron)
Tue Oct 24 16:27:48 UTC 2023 Update Data (Cron)
Tue Oct 24 16:44:02 UTC 2023 Update Data (Cron)
Tue Oct 24 17:04:27 UTC 2023 Update Data (Cron)
Tue Oct 24 17:26:32 UTC 2023 Update Data (Cron)
Tue Oct 24 17:44:02 UTC 2023 Update Data (Cron)
Tue Oct 24 18:05:26 UTC 2023 Update Data (Cron)
Tue Oct 24 18:27:55 UTC 2023 Update Data (Cron)
Tue Oct 24 18:43:35 UTC 2023 Update Data (Cron)
Tue Oct 24 19:04:38 UTC 2023 Update Data (Cron)
Tue Oct 24 19:23:55 UTC 2023 Update Data (Cron)
Tue Oct 24 19:43:42 UTC 2023 Update Data (Cron)
Tue Oct 24 20:04:57 UTC 2023 Update Data (Cron)
Tue Oct 24 20:25:07 UTC 2023 Update Data (Cron)
Tue Oct 24 20:43:38 UTC 2023 Update Data (Cron)
Tue Oct 24 21:04:43 UTC 2023 Update Data (Cron)
Tue Oct 24 21:23:51 UTC 2023 Update Data (Cron)
Tue Oct 24 21:43:34 UTC 2023 Update Data (Cron)
Tue Oct 24 22:04:50 UTC 2023 Update Data (Cron)
Tue Oct 24 22:26:25 UTC 2023 Update Data (Cron)
Tue Oct 24 22:44:05 UTC 2023 Update Data (Cron)
Tue Oct 24 23:05:00 UTC 2023 Update Data (Cron)
Tue Oct 24 23:24:02 UTC 2023 Update Data (Cron)
Tue Oct 24 23:43:19 UTC 2023 Update Data (Cron)
Wed Oct 25 00:13:07 UTC 2023 Update Data (Cron)
Wed Oct 25 00:34:24 UTC 2023 Update Data (Cron)
Wed Oct 25 01:02:16 UTC 2023 Update Data (Cron)
Wed Oct 25 01:39:03 UTC 2023 Update Data (Cron)
Wed Oct 25 02:00:04 UTC 2023 Update Data (Cron)
Wed Oct 25 02:13:38 UTC 2023 Update Data (Cron)
Wed Oct 25 02:27:51 UTC 2023 Update Data (Cron)
Wed Oct 25 02:43:58 UTC 2023 Update Data (Cron)
Wed Oct 25 03:05:14 UTC 2023 Update Data (Cron)
Wed Oct 25 03:24:47 UTC 2023 Update Data (Cron)
Wed Oct 25 03:44:12 UTC 2023 Update Data (Cron)
Wed Oct 25 04:05:17 UTC 2023 Update Data (Cron)
Wed Oct 25 04:27:13 UTC 2023 Update Data (Cron)
Wed Oct 25 04:43:59 UTC 2023 Update Data (Cron)
Wed Oct 25 05:05:04 UTC 2023 Update Data (Cron)
Wed Oct 25 05:26:10 UTC 2023 Update Data (Cron)
Wed Oct 25 05:43:54 UTC 2023 Update Data (Cron)
Wed Oct 25 06:05:07 UTC 2023 Update Data (Cron)
Wed Oct 25 06:27:40 UTC 2023 Update Data (Cron)
Wed Oct 25 06:43:42 UTC 2023 Update Data (Cron)
Wed Oct 25 07:04:43 UTC 2023 Update Data (Cron)
Wed Oct 25 07:23:34 UTC 2023 Update Data (Cron)
Wed Oct 25 07:43:26 UTC 2023 Update Data (Cron)
Wed Oct 25 08:05:31 UTC 2023 Update Data (Cron)
Wed Oct 25 08:43:38 UTC 2023 Update Data (Cron)
Wed Oct 25 09:04:49 UTC 2023 Update Data (Cron)
Wed Oct 25 09:24:56 UTC 2023 Update Data (Cron)
Wed Oct 25 09:43:56 UTC 2023 Update Data (Cron)
Wed Oct 25 10:04:53 UTC 2023 Update Data (Cron)
Wed Oct 25 10:27:49 UTC 2023 Update Data (Cron)
Wed Oct 25 10:43:55 UTC 2023 Update Data (Cron)
Wed Oct 25 11:04:52 UTC 2023 Update Data (Cron)
Wed Oct 25 11:23:43 UTC 2023 Update Data (Cron)
Wed Oct 25 11:43:51 UTC 2023 Update Data (Cron)
Wed Oct 25 12:06:07 UTC 2023 Update Data (Cron)
Wed Oct 25 12:31:46 UTC 2023 Update Data (Cron)
Wed Oct 25 12:48:46 UTC 2023 Update Data (Cron)
Wed Oct 25 13:05:28 UTC 2023 Update Data (Cron)
Wed Oct 25 13:26:11 UTC 2023 Update Data (Cron)
Wed Oct 25 13:43:49 UTC 2023 Update Data (Cron)
Wed Oct 25 14:05:11 UTC 2023 Update Data (Cron)
Wed Oct 25 14:26:06 UTC 2023 Update Data (Cron)
Wed Oct 25 14:44:07 UTC 2023 Update Data (Cron)
Wed Oct 25 15:05:16 UTC 2023 Update Data (Cron)
Wed Oct 25 15:24:54 UTC 2023 Update Data (Cron)
Wed Oct 25 15:43:39 UTC 2023 Update Data (Cron)
Wed Oct 25 16:05:15 UTC 2023 Update Data (Cron)
Wed Oct 25 16:27:32 UTC 2023 Update Data (Cron)
Wed Oct 25 16:43:50 UTC 2023 Update Data (Cron)
Wed Oct 25 17:04:27 UTC 2023 Update Data (Cron)
Wed Oct 25 17:25:54 UTC 2023 Update Data (Cron)
Wed Oct 25 17:44:05 UTC 2023 Update Data (Cron)
Wed Oct 25 18:04:47 UTC 2023 Update Data (Cron)
Wed Oct 25 18:26:38 UTC 2023 Update Data (Cron)
Wed Oct 25 18:43:47 UTC 2023 Update Data (Cron)
Wed Oct 25 19:04:56 UTC 2023 Update Data (Cron)
Wed Oct 25 19:23:43 UTC 2023 Update Data (Cron)
Wed Oct 25 19:43:56 UTC 2023 Update Data (Cron)
Wed Oct 25 20:05:06 UTC 2023 Update Data (Cron)
Wed Oct 25 20:24:44 UTC 2023 Update Data (Cron)
Wed Oct 25 20:44:03 UTC 2023 Update Data (Cron)
Wed Oct 25 21:04:25 UTC 2023 Update Data (Cron)
Wed Oct 25 21:23:40 UTC 2023 Update Data (Cron)
Wed Oct 25 21:43:46 UTC 2023 Update Data (Cron)
Wed Oct 25 22:04:52 UTC 2023 Update Data (Cron)
Wed Oct 25 22:26:13 UTC 2023 Update Data (Cron)
Wed Oct 25 22:43:54 UTC 2023 Update Data (Cron)
Wed Oct 25 23:05:23 UTC 2023 Update Data (Cron)
Wed Oct 25 23:24:20 UTC 2023 Update Data (Cron)
Wed Oct 25 23:43:49 UTC 2023 Update Data (Cron)
Thu Oct 26 00:12:52 UTC 2023 Update Data (Cron)
Thu Oct 26 00:34:13 UTC 2023 Update Data (Cron)
Thu Oct 26 01:02:31 UTC 2023 Update Data (Cron)
Thu Oct 26 01:37:58 UTC 2023 Update Data (Cron)
Thu Oct 26 01:57:52 UTC 2023 Update Data (Cron)
Thu Oct 26 02:12:10 UTC 2023 Update Data (Cron)
Thu Oct 26 02:26:55 UTC 2023 Update Data (Cron)
Thu Oct 26 02:44:15 UTC 2023 Update Data (Cron)
Thu Oct 26 03:05:03 UTC 2023 Update Data (Cron)
Thu Oct 26 03:24:24 UTC 2023 Update Data (Cron)
Thu Oct 26 03:44:16 UTC 2023 Update Data (Cron)
Thu Oct 26 04:04:42 UTC 2023 Update Data (Cron)
Thu Oct 26 04:26:29 UTC 2023 Update Data (Cron)
Thu Oct 26 04:43:42 UTC 2023 Update Data (Cron)
Thu Oct 26 05:05:19 UTC 2023 Update Data (Cron)
Thu Oct 26 05:25:56 UTC 2023 Update Data (Cron)
Thu Oct 26 05:43:37 UTC 2023 Update Data (Cron)
Thu Oct 26 06:05:21 UTC 2023 Update Data (Cron)
Thu Oct 26 06:27:11 UTC 2023 Update Data (Cron)
Thu Oct 26 06:44:11 UTC 2023 Update Data (Cron)
Thu Oct 26 07:04:50 UTC 2023 Update Data (Cron)
Thu Oct 26 07:24:18 UTC 2023 Update Data (Cron)
Thu Oct 26 07:43:55 UTC 2023 Update Data (Cron)
Thu Oct 26 08:05:29 UTC 2023 Update Data (Cron)
Thu Oct 26 08:43:44 UTC 2023 Update Data (Cron)
Thu Oct 26 09:05:21 UTC 2023 Update Data (Cron)
Thu Oct 26 09:24:52 UTC 2023 Update Data (Cron)
Thu Oct 26 09:43:49 UTC 2023 Update Data (Cron)
Thu Oct 26 10:05:05 UTC 2023 Update Data (Cron)
Thu Oct 26 10:27:26 UTC 2023 Update Data (Cron)
Thu Oct 26 10:44:01 UTC 2023 Update Data (Cron)
Thu Oct 26 11:04:58 UTC 2023 Update Data (Cron)
Thu Oct 26 11:23:54 UTC 2023 Update Data (Cron)
Thu Oct 26 11:44:15 UTC 2023 Update Data (Cron)
Thu Oct 26 12:06:08 UTC 2023 Update Data (Cron)
Thu Oct 26 12:31:44 UTC 2023 Update Data (Cron)
Thu Oct 26 12:48:35 UTC 2023 Update Data (Cron)
Thu Oct 26 13:05:37 UTC 2023 Update Data (Cron)
Thu Oct 26 13:28:08 UTC 2023 Update Data (Cron)
Thu Oct 26 13:44:00 UTC 2023 Update Data (Cron)
Thu Oct 26 14:04:54 UTC 2023 Update Data (Cron)
Thu Oct 26 14:26:31 UTC 2023 Update Data (Cron)
Thu Oct 26 14:43:45 UTC 2023 Update Data (Cron)
Thu Oct 26 15:05:01 UTC 2023 Update Data (Cron)
Thu Oct 26 15:24:59 UTC 2023 Update Data (Cron)
Thu Oct 26 15:43:45 UTC 2023 Update Data (Cron)
Thu Oct 26 16:05:30 UTC 2023 Update Data (Cron)
Thu Oct 26 16:27:28 UTC 2023 Update Data (Cron)
Thu Oct 26 16:43:59 UTC 2023 Update Data (Cron)
Thu Oct 26 17:04:47 UTC 2023 Update Data (Cron)
Thu Oct 26 17:25:45 UTC 2023 Update Data (Cron)
Thu Oct 26 17:44:18 UTC 2023 Update Data (Cron)
Thu Oct 26 18:05:10 UTC 2023 Update Data (Cron)
Thu Oct 26 18:27:22 UTC 2023 Update Data (Cron)
Thu Oct 26 18:45:03 UTC 2023 Update Data (Cron)
Thu Oct 26 19:05:30 UTC 2023 Update Data (Cron)
Thu Oct 26 19:24:04 UTC 2023 Update Data (Cron)
Thu Oct 26 19:44:05 UTC 2023 Update Data (Cron)
Thu Oct 26 20:05:24 UTC 2023 Update Data (Cron)
Thu Oct 26 20:24:50 UTC 2023 Update Data (Cron)
Thu Oct 26 20:43:45 UTC 2023 Update Data (Cron)
Thu Oct 26 21:04:54 UTC 2023 Update Data (Cron)
Thu Oct 26 21:23:48 UTC 2023 Update Data (Cron)
Thu Oct 26 21:44:06 UTC 2023 Update Data (Cron)
Thu Oct 26 22:04:48 UTC 2023 Update Data (Cron)
Thu Oct 26 22:26:09 UTC 2023 Update Data (Cron)
Thu Oct 26 22:43:52 UTC 2023 Update Data (Cron)
Thu Oct 26 23:05:01 UTC 2023 Update Data (Cron)
Thu Oct 26 23:24:13 UTC 2023 Update Data (Cron)
Fri Oct 27 00:13:25 UTC 2023 Update Data (Cron)
Fri Oct 27 00:34:32 UTC 2023 Update Data (Cron)
Fri Oct 27 01:02:03 UTC 2023 Update Data (Cron)
Fri Oct 27 01:38:04 UTC 2023 Update Data (Cron)
Fri Oct 27 01:58:37 UTC 2023 Update Data (Cron)
Fri Oct 27 02:12:32 UTC 2023 Update Data (Cron)
Fri Oct 27 02:27:02 UTC 2023 Update Data (Cron)
Fri Oct 27 02:43:55 UTC 2023 Update Data (Cron)
Fri Oct 27 03:05:11 UTC 2023 Update Data (Cron)
Fri Oct 27 03:24:17 UTC 2023 Update Data (Cron)
Fri Oct 27 03:43:51 UTC 2023 Update Data (Cron)
Fri Oct 27 04:05:10 UTC 2023 Update Data (Cron)
Fri Oct 27 04:26:30 UTC 2023 Update Data (Cron)
Fri Oct 27 04:43:38 UTC 2023 Update Data (Cron)
Fri Oct 27 05:04:48 UTC 2023 Update Data (Cron)
Fri Oct 27 05:25:55 UTC 2023 Update Data (Cron)
Fri Oct 27 05:43:59 UTC 2023 Update Data (Cron)
Fri Oct 27 06:05:17 UTC 2023 Update Data (Cron)
Fri Oct 27 06:27:18 UTC 2023 Update Data (Cron)
Fri Oct 27 06:43:45 UTC 2023 Update Data (Cron)
Fri Oct 27 07:05:23 UTC 2023 Update Data (Cron)
Fri Oct 27 07:23:50 UTC 2023 Update Data (Cron)
Fri Oct 27 07:43:57 UTC 2023 Update Data (Cron)
Fri Oct 27 08:05:03 UTC 2023 Update Data (Cron)
Fri Oct 27 08:43:58 UTC 2023 Update Data (Cron)
Fri Oct 27 09:05:02 UTC 2023 Update Data (Cron)
Fri Oct 27 09:24:06 UTC 2023 Update Data (Cron)
Fri Oct 27 09:43:33 UTC 2023 Update Data (Cron)
Fri Oct 27 10:04:42 UTC 2023 Update Data (Cron)
Fri Oct 27 10:27:02 UTC 2023 Update Data (Cron)
Fri Oct 27 10:43:58 UTC 2023 Update Data (Cron)
Fri Oct 27 11:04:47 UTC 2023 Update Data (Cron)
Fri Oct 27 11:23:35 UTC 2023 Update Data (Cron)
Fri Oct 27 11:44:05 UTC 2023 Update Data (Cron)
Fri Oct 27 12:05:56 UTC 2023 Update Data (Cron)
Fri Oct 27 12:31:23 UTC 2023 Update Data (Cron)
Fri Oct 27 12:48:42 UTC 2023 Update Data (Cron)
Fri Oct 27 13:05:13 UTC 2023 Update Data (Cron)
Fri Oct 27 13:25:26 UTC 2023 Update Data (Cron)
Fri Oct 27 13:44:01 UTC 2023 Update Data (Cron)
Fri Oct 27 14:04:30 UTC 2023 Update Data (Cron)
Fri Oct 27 14:26:06 UTC 2023 Update Data (Cron)
Fri Oct 27 14:44:09 UTC 2023 Update Data (Cron)
Fri Oct 27 15:05:08 UTC 2023 Update Data (Cron)
Fri Oct 27 15:24:55 UTC 2023 Update Data (Cron)
Fri Oct 27 15:44:10 UTC 2023 Update Data (Cron)
Fri Oct 27 16:04:54 UTC 2023 Update Data (Cron)
Fri Oct 27 16:27:32 UTC 2023 Update Data (Cron)
Fri Oct 27 16:43:44 UTC 2023 Update Data (Cron)
Fri Oct 27 17:04:41 UTC 2023 Update Data (Cron)
Fri Oct 27 17:25:07 UTC 2023 Update Data (Cron)
Fri Oct 27 17:43:43 UTC 2023 Update Data (Cron)
Fri Oct 27 18:05:11 UTC 2023 Update Data (Cron)
Fri Oct 27 18:27:28 UTC 2023 Update Data (Cron)
Fri Oct 27 18:43:27 UTC 2023 Update Data (Cron)
Fri Oct 27 19:04:21 UTC 2023 Update Data (Cron)
Fri Oct 27 19:23:55 UTC 2023 Update Data (Cron)
Fri Oct 27 19:43:39 UTC 2023 Update Data (Cron)
Fri Oct 27 20:04:48 UTC 2023 Update Data (Cron)
Fri Oct 27 20:24:44 UTC 2023 Update Data (Cron)
Fri Oct 27 20:44:01 UTC 2023 Update Data (Cron)
Fri Oct 27 21:04:36 UTC 2023 Update Data (Cron)
Fri Oct 27 21:23:50 UTC 2023 Update Data (Cron)
Fri Oct 27 21:43:37 UTC 2023 Update Data (Cron)
Fri Oct 27 22:04:56 UTC 2023 Update Data (Cron)
Fri Oct 27 22:25:26 UTC 2023 Update Data (Cron)
Fri Oct 27 22:43:43 UTC 2023 Update Data (Cron)
Fri Oct 27 23:04:35 UTC 2023 Update Data (Cron)
Fri Oct 27 23:23:45 UTC 2023 Update Data (Cron)
Fri Oct 27 23:43:48 UTC 2023 Update Data (Cron)
Sat Oct 28 00:12:54 UTC 2023 Update Data (Cron)
Sat Oct 28 00:34:07 UTC 2023 Update Data (Cron)
Sat Oct 28 01:02:09 UTC 2023 Update Data (Cron)
Sat Oct 28 01:37:14 UTC 2023 Update Data (Cron)
Sat Oct 28 01:56:45 UTC 2023 Update Data (Cron)
Sat Oct 28 02:09:16 UTC 2023 Update Data (Cron)
Sat Oct 28 02:26:07 UTC 2023 Update Data (Cron)
Sat Oct 28 02:43:59 UTC 2023 Update Data (Cron)
Sat Oct 28 03:05:14 UTC 2023 Update Data (Cron)
Sat Oct 28 03:24:29 UTC 2023 Update Data (Cron)
Sat Oct 28 03:43:52 UTC 2023 Update Data (Cron)
Sat Oct 28 04:04:45 UTC 2023 Update Data (Cron)
Sat Oct 28 04:26:30 UTC 2023 Update Data (Cron)
Sat Oct 28 04:43:55 UTC 2023 Update Data (Cron)
Sat Oct 28 05:04:25 UTC 2023 Update Data (Cron)
Sat Oct 28 05:25:08 UTC 2023 Update Data (Cron)
Sat Oct 28 05:43:52 UTC 2023 Update Data (Cron)
Sat Oct 28 06:05:13 UTC 2023 Update Data (Cron)
Sat Oct 28 06:26:24 UTC 2023 Update Data (Cron)
Sat Oct 28 06:43:44 UTC 2023 Update Data (Cron)
Sat Oct 28 07:04:33 UTC 2023 Update Data (Cron)
Sat Oct 28 07:23:50 UTC 2023 Update Data (Cron)
Sat Oct 28 07:43:42 UTC 2023 Update Data (Cron)
Sat Oct 28 08:04:49 UTC 2023 Update Data (Cron)
Sat Oct 28 08:43:42 UTC 2023 Update Data (Cron)
Sat Oct 28 09:04:49 UTC 2023 Update Data (Cron)
Sat Oct 28 09:23:51 UTC 2023 Update Data (Cron)
Sat Oct 28 09:43:27 UTC 2023 Update Data (Cron)
Sat Oct 28 10:04:35 UTC 2023 Update Data (Cron)
Sat Oct 28 10:26:27 UTC 2023 Update Data (Cron)
Sat Oct 28 10:43:29 UTC 2023 Update Data (Cron)
Sat Oct 28 11:04:53 UTC 2023 Update Data (Cron)
Sat Oct 28 11:23:56 UTC 2023 Update Data (Cron)
Sat Oct 28 11:43:50 UTC 2023 Update Data (Cron)
Sat Oct 28 12:05:45 UTC 2023 Update Data (Cron)
Sat Oct 28 12:31:21 UTC 2023 Update Data (Cron)
Sat Oct 28 12:47:13 UTC 2023 Update Data (Cron)
Sat Oct 28 13:04:37 UTC 2023 Update Data (Cron)
Sat Oct 28 13:24:00 UTC 2023 Update Data (Cron)
Sat Oct 28 13:43:58 UTC 2023 Update Data (Cron)
Sat Oct 28 14:04:32 UTC 2023 Update Data (Cron)
Sat Oct 28 14:24:51 UTC 2023 Update Data (Cron)
Sat Oct 28 14:43:48 UTC 2023 Update Data (Cron)
Sat Oct 28 15:04:50 UTC 2023 Update Data (Cron)
Sat Oct 28 15:24:22 UTC 2023 Update Data (Cron)
Sat Oct 28 15:43:42 UTC 2023 Update Data (Cron)
Sat Oct 28 16:04:54 UTC 2023 Update Data (Cron)
Sat Oct 28 16:27:12 UTC 2023 Update Data (Cron)
Sat Oct 28 16:43:33 UTC 2023 Update Data (Cron)
Sat Oct 28 17:04:39 UTC 2023 Update Data (Cron)
Sat Oct 28 17:24:42 UTC 2023 Update Data (Cron)
Sat Oct 28 17:43:40 UTC 2023 Update Data (Cron)
Sat Oct 28 18:05:23 UTC 2023 Update Data (Cron)
Sat Oct 28 18:26:00 UTC 2023 Update Data (Cron)
Sat Oct 28 18:43:49 UTC 2023 Update Data (Cron)
Sat Oct 28 19:04:09 UTC 2023 Update Data (Cron)
Sat Oct 28 19:23:40 UTC 2023 Update Data (Cron)
Sat Oct 28 19:43:41 UTC 2023 Update Data (Cron)
Sat Oct 28 20:04:53 UTC 2023 Update Data (Cron)
Sat Oct 28 20:23:54 UTC 2023 Update Data (Cron)
Sun Oct 29 00:13:52 UTC 2023 Update Data (Cron)
Sun Oct 29 00:34:23 UTC 2023 Update Data (Cron)
Sun Oct 29 01:02:19 UTC 2023 Update Data (Cron)
Sun Oct 29 01:41:06 UTC 2023 Update Data (Cron)
Sun Oct 29 02:02:23 UTC 2023 Update Data (Cron)
Sun Oct 29 02:27:57 UTC 2023 Update Data (Cron)
Sun Oct 29 02:43:47 UTC 2023 Update Data (Cron)
Sun Oct 29 03:04:48 UTC 2023 Update Data (Cron)
Sun Oct 29 03:24:02 UTC 2023 Update Data (Cron)
Sun Oct 29 03:43:30 UTC 2023 Update Data (Cron)
Sun Oct 29 04:04:52 UTC 2023 Update Data (Cron)
Sun Oct 29 04:26:06 UTC 2023 Update Data (Cron)
Sun Oct 29 04:44:01 UTC 2023 Update Data (Cron)
Sun Oct 29 05:04:38 UTC 2023 Update Data (Cron)
Sun Oct 29 05:25:37 UTC 2023 Update Data (Cron)
Sun Oct 29 05:43:25 UTC 2023 Update Data (Cron)
Sun Oct 29 06:05:15 UTC 2023 Update Data (Cron)
Sun Oct 29 06:26:56 UTC 2023 Update Data (Cron)
Sun Oct 29 06:43:49 UTC 2023 Update Data (Cron)
Sun Oct 29 07:04:20 UTC 2023 Update Data (Cron)
Sun Oct 29 07:23:36 UTC 2023 Update Data (Cron)
Sun Oct 29 07:43:49 UTC 2023 Update Data (Cron)
Sun Oct 29 08:05:05 UTC 2023 Update Data (Cron)
Sun Oct 29 08:43:26 UTC 2023 Update Data (Cron)
Sun Oct 29 09:04:47 UTC 2023 Update Data (Cron)
Sun Oct 29 09:23:44 UTC 2023 Update Data (Cron)
Sun Oct 29 09:43:47 UTC 2023 Update Data (Cron)
Sun Oct 29 10:05:13 UTC 2023 Update Data (Cron)
Sun Oct 29 10:26:12 UTC 2023 Update Data (Cron)
Sun Oct 29 10:43:54 UTC 2023 Update Data (Cron)
Sun Oct 29 11:04:43 UTC 2023 Update Data (Cron)
Sun Oct 29 11:23:48 UTC 2023 Update Data (Cron)
Sun Oct 29 11:44:12 UTC 2023 Update Data (Cron)
Sun Oct 29 12:05:22 UTC 2023 Update Data (Cron)
Sun Oct 29 12:31:13 UTC 2023 Update Data (Cron)
Sun Oct 29 12:47:43 UTC 2023 Update Data (Cron)
Sun Oct 29 13:04:41 UTC 2023 Update Data (Cron)
Sun Oct 29 13:24:34 UTC 2023 Update Data (Cron)
Sun Oct 29 13:43:54 UTC 2023 Update Data (Cron)
Sun Oct 29 14:04:33 UTC 2023 Update Data (Cron)
Sun Oct 29 14:25:04 UTC 2023 Update Data (Cron)
Sun Oct 29 14:43:28 UTC 2023 Update Data (Cron)
Sun Oct 29 15:04:57 UTC 2023 Update Data (Cron)
Sun Oct 29 15:23:48 UTC 2023 Update Data (Cron)
Sun Oct 29 15:43:36 UTC 2023 Update Data (Cron)
Sun Oct 29 16:05:11 UTC 2023 Update Data (Cron)
Sun Oct 29 16:27:24 UTC 2023 Update Data (Cron)
Sun Oct 29 16:43:32 UTC 2023 Update Data (Cron)
Sun Oct 29 17:05:18 UTC 2023 Update Data (Cron)
Sun Oct 29 17:24:33 UTC 2023 Update Data (Cron)
Sun Oct 29 17:43:36 UTC 2023 Update Data (Cron)
Sun Oct 29 18:05:04 UTC 2023 Update Data (Cron)
Sun Oct 29 18:26:24 UTC 2023 Update Data (Cron)
Sun Oct 29 18:43:41 UTC 2023 Update Data (Cron)
Sun Oct 29 19:04:19 UTC 2023 Update Data (Cron)
Sun Oct 29 19:23:41 UTC 2023 Update Data (Cron)
Sun Oct 29 19:43:38 UTC 2023 Update Data (Cron)
Sun Oct 29 20:05:13 UTC 2023 Update Data (Cron)
Sun Oct 29 20:24:13 UTC 2023 Update Data (Cron)
Sun Oct 29 20:44:17 UTC 2023 Update Data (Cron)
Sun Oct 29 21:04:37 UTC 2023 Update Data (Cron)
Sun Oct 29 21:24:03 UTC 2023 Update Data (Cron)
Sun Oct 29 21:44:05 UTC 2023 Update Data (Cron)
Sun Oct 29 22:04:28 UTC 2023 Update Data (Cron)
Sun Oct 29 22:25:41 UTC 2023 Update Data (Cron)
Sun Oct 29 22:43:42 UTC 2023 Update Data (Cron)
Sun Oct 29 23:05:04 UTC 2023 Update Data (Cron)
Sun Oct 29 23:23:41 UTC 2023 Update Data (Cron)
Sun Oct 29 23:43:44 UTC 2023 Update Data (Cron)
Mon Oct 30 00:13:30 UTC 2023 Update Data (Cron)
Mon Oct 30 00:34:14 UTC 2023 Update Data (Cron)
Mon Oct 30 01:02:09 UTC 2023 Update Data (Cron)
Mon Oct 30 01:39:48 UTC 2023 Update Data (Cron)
Mon Oct 30 02:00:57 UTC 2023 Update Data (Cron)
Mon Oct 30 02:15:15 UTC 2023 Update Data (Cron)
Mon Oct 30 02:28:11 UTC 2023 Update Data (Cron)
Mon Oct 30 02:44:25 UTC 2023 Update Data (Cron)
Mon Oct 30 03:04:40 UTC 2023 Update Data (Cron)
Mon Oct 30 03:25:11 UTC 2023 Update Data (Cron)
Mon Oct 30 03:43:48 UTC 2023 Update Data (Cron)
Mon Oct 30 04:05:01 UTC 2023 Update Data (Cron)
Mon Oct 30 04:27:08 UTC 2023 Update Data (Cron)
Mon Oct 30 04:43:37 UTC 2023 Update Data (Cron)
Mon Oct 30 05:05:09 UTC 2023 Update Data (Cron)
Mon Oct 30 05:26:14 UTC 2023 Update Data (Cron)
Mon Oct 30 05:43:33 UTC 2023 Update Data (Cron)
Mon Oct 30 06:05:38 UTC 2023 Update Data (Cron)
Mon Oct 30 06:27:49 UTC 2023 Update Data (Cron)
Mon Oct 30 06:43:57 UTC 2023 Update Data (Cron)
Mon Oct 30 07:04:46 UTC 2023 Update Data (Cron)
Mon Oct 30 07:23:42 UTC 2023 Update Data (Cron)
Mon Oct 30 07:43:54 UTC 2023 Update Data (Cron)
Mon Oct 30 08:05:36 UTC 2023 Update Data (Cron)
Mon Oct 30 08:43:50 UTC 2023 Update Data (Cron)
Mon Oct 30 09:04:58 UTC 2023 Update Data (Cron)
Mon Oct 30 09:24:33 UTC 2023 Update Data (Cron)
Mon Oct 30 09:43:28 UTC 2023 Update Data (Cron)
Mon Oct 30 10:05:01 UTC 2023 Update Data (Cron)
Mon Oct 30 10:27:55 UTC 2023 Update Data (Cron)
Mon Oct 30 10:43:40 UTC 2023 Update Data (Cron)
Mon Oct 30 11:04:34 UTC 2023 Update Data (Cron)
Mon Oct 30 11:23:44 UTC 2023 Update Data (Cron)
Mon Oct 30 11:43:39 UTC 2023 Update Data (Cron)
Mon Oct 30 12:06:12 UTC 2023 Update Data (Cron)
Mon Oct 30 12:31:38 UTC 2023 Update Data (Cron)
Mon Oct 30 12:48:58 UTC 2023 Update Data (Cron)
Mon Oct 30 13:05:29 UTC 2023 Update Data (Cron)
Mon Oct 30 13:26:10 UTC 2023 Update Data (Cron)
Mon Oct 30 13:43:51 UTC 2023 Update Data (Cron)
Mon Oct 30 14:05:06 UTC 2023 Update Data (Cron)
Mon Oct 30 14:26:34 UTC 2023 Update Data (Cron)
Mon Oct 30 14:43:35 UTC 2023 Update Data (Cron)
Mon Oct 30 15:04:45 UTC 2023 Update Data (Cron)
Mon Oct 30 15:25:28 UTC 2023 Update Data (Cron)
Mon Oct 30 15:43:43 UTC 2023 Update Data (Cron)
Mon Oct 30 16:05:13 UTC 2023 Update Data (Cron)
Mon Oct 30 16:28:34 UTC 2023 Update Data (Cron)
Mon Oct 30 16:43:58 UTC 2023 Update Data (Cron)
Mon Oct 30 17:04:47 UTC 2023 Update Data (Cron)
Mon Oct 30 17:25:59 UTC 2023 Update Data (Cron)
Mon Oct 30 17:43:48 UTC 2023 Update Data (Cron)
Mon Oct 30 18:05:33 UTC 2023 Update Data (Cron)
Mon Oct 30 18:27:38 UTC 2023 Update Data (Cron)
Mon Oct 30 18:43:43 UTC 2023 Update Data (Cron)
Mon Oct 30 19:04:37 UTC 2023 Update Data (Cron)
Mon Oct 30 19:23:40 UTC 2023 Update Data (Cron)
Mon Oct 30 19:43:52 UTC 2023 Update Data (Cron)
Mon Oct 30 20:05:00 UTC 2023 Update Data (Cron)
Mon Oct 30 20:24:32 UTC 2023 Update Data (Cron)
Mon Oct 30 20:43:21 UTC 2023 Update Data (Cron)
Mon Oct 30 21:04:28 UTC 2023 Update Data (Cron)
Mon Oct 30 21:23:58 UTC 2023 Update Data (Cron)
Mon Oct 30 21:43:44 UTC 2023 Update Data (Cron)
Mon Oct 30 22:04:28 UTC 2023 Update Data (Cron)
Mon Oct 30 22:26:10 UTC 2023 Update Data (Cron)
Mon Oct 30 22:43:39 UTC 2023 Update Data (Cron)
Mon Oct 30 23:04:33 UTC 2023 Update Data (Cron)
Mon Oct 30 23:24:04 UTC 2023 Update Data (Cron)
Mon Oct 30 23:43:59 UTC 2023 Update Data (Cron)
Tue Oct 31 00:13:25 UTC 2023 Update Data (Cron)
Tue Oct 31 00:34:11 UTC 2023 Update Data (Cron)
Tue Oct 31 01:02:29 UTC 2023 Update Data (Cron)
Tue Oct 31 01:39:49 UTC 2023 Update Data (Cron)
Tue Oct 31 02:00:49 UTC 2023 Update Data (Cron)
Tue Oct 31 02:15:00 UTC 2023 Update Data (Cron)
Tue Oct 31 02:28:08 UTC 2023 Update Data (Cron)
Tue Oct 31 02:43:53 UTC 2023 Update Data (Cron)
Tue Oct 31 03:04:42 UTC 2023 Update Data (Cron)
Tue Oct 31 03:24:28 UTC 2023 Update Data (Cron)
Tue Oct 31 03:43:38 UTC 2023 Update Data (Cron)
Tue Oct 31 04:05:04 UTC 2023 Update Data (Cron)
Tue Oct 31 04:26:44 UTC 2023 Update Data (Cron)
Tue Oct 31 04:43:39 UTC 2023 Update Data (Cron)
Tue Oct 31 05:04:51 UTC 2023 Update Data (Cron)
Tue Oct 31 05:26:05 UTC 2023 Update Data (Cron)
Tue Oct 31 05:43:36 UTC 2023 Update Data (Cron)
Tue Oct 31 06:05:32 UTC 2023 Update Data (Cron)
Tue Oct 31 06:27:19 UTC 2023 Update Data (Cron)
Tue Oct 31 06:43:47 UTC 2023 Update Data (Cron)
Tue Oct 31 07:04:56 UTC 2023 Update Data (Cron)
Tue Oct 31 07:23:56 UTC 2023 Update Data (Cron)
Tue Oct 31 07:43:37 UTC 2023 Update Data (Cron)
Tue Oct 31 08:05:23 UTC 2023 Update Data (Cron)
Tue Oct 31 08:43:31 UTC 2023 Update Data (Cron)
Tue Oct 31 09:04:52 UTC 2023 Update Data (Cron)
Tue Oct 31 09:24:36 UTC 2023 Update Data (Cron)
Tue Oct 31 09:44:01 UTC 2023 Update Data (Cron)
Tue Oct 31 10:04:50 UTC 2023 Update Data (Cron)
Tue Oct 31 10:27:56 UTC 2023 Update Data (Cron)
Tue Oct 31 10:43:50 UTC 2023 Update Data (Cron)
Tue Oct 31 11:05:00 UTC 2023 Update Data (Cron)
Tue Oct 31 11:23:50 UTC 2023 Update Data (Cron)
Tue Oct 31 11:43:37 UTC 2023 Update Data (Cron)
Tue Oct 31 12:06:03 UTC 2023 Update Data (Cron)
Tue Oct 31 12:31:27 UTC 2023 Update Data (Cron)
Tue Oct 31 12:48:53 UTC 2023 Update Data (Cron)
Tue Oct 31 13:05:46 UTC 2023 Update Data (Cron)
Tue Oct 31 13:25:52 UTC 2023 Update Data (Cron)
Tue Oct 31 13:43:46 UTC 2023 Update Data (Cron)
Tue Oct 31 14:04:40 UTC 2023 Update Data (Cron)
Tue Oct 31 14:26:33 UTC 2023 Update Data (Cron)
Tue Oct 31 14:43:57 UTC 2023 Update Data (Cron)
Tue Oct 31 15:04:40 UTC 2023 Update Data (Cron)
Tue Oct 31 15:25:33 UTC 2023 Update Data (Cron)
Tue Oct 31 15:43:30 UTC 2023 Update Data (Cron)
Tue Oct 31 16:05:39 UTC 2023 Update Data (Cron)
Tue Oct 31 16:28:39 UTC 2023 Update Data (Cron)
Tue Oct 31 16:44:13 UTC 2023 Update Data (Cron)
Tue Oct 31 17:04:49 UTC 2023 Update Data (Cron)
Tue Oct 31 17:25:53 UTC 2023 Update Data (Cron)
Tue Oct 31 17:43:52 UTC 2023 Update Data (Cron)
Tue Oct 31 18:05:16 UTC 2023 Update Data (Cron)
Tue Oct 31 18:27:50 UTC 2023 Update Data (Cron)
Tue Oct 31 18:43:52 UTC 2023 Update Data (Cron)
Tue Oct 31 19:04:19 UTC 2023 Update Data (Cron)
Tue Oct 31 19:23:46 UTC 2023 Update Data (Cron)
Tue Oct 31 19:43:41 UTC 2023 Update Data (Cron)
Tue Oct 31 20:04:39 UTC 2023 Update Data (Cron)
Tue Oct 31 20:24:47 UTC 2023 Update Data (Cron)
Tue Oct 31 20:43:55 UTC 2023 Update Data (Cron)
Tue Oct 31 21:04:19 UTC 2023 Update Data (Cron)
Tue Oct 31 21:23:48 UTC 2023 Update Data (Cron)
Tue Oct 31 21:43:41 UTC 2023 Update Data (Cron)
Tue Oct 31 22:04:51 UTC 2023 Update Data (Cron)
Tue Oct 31 22:26:01 UTC 2023 Update Data (Cron)
Tue Oct 31 22:43:52 UTC 2023 Update Data (Cron)
Tue Oct 31 23:04:33 UTC 2023 Update Data (Cron)
Tue Oct 31 23:24:08 UTC 2023 Update Data (Cron)
Tue Oct 31 23:43:43 UTC 2023 Update Data (Cron)
Wed Nov  1 00:13:47 UTC 2023 Update Data (Cron)
Wed Nov  1 00:34:49 UTC 2023 Update Data (Cron)
Wed Nov  1 01:02:22 UTC 2023 Update Data (Cron)
Wed Nov  1 01:42:03 UTC 2023 Update Data (Cron)
Wed Nov  1 02:13:56 UTC 2023 Update Data (Cron)
Wed Nov  1 02:29:54 UTC 2023 Update Data (Cron)
Wed Nov  1 02:43:47 UTC 2023 Update Data (Cron)
Wed Nov  1 03:04:54 UTC 2023 Update Data (Cron)
Wed Nov  1 03:24:46 UTC 2023 Update Data (Cron)
Wed Nov  1 03:43:48 UTC 2023 Update Data (Cron)
Wed Nov  1 04:04:53 UTC 2023 Update Data (Cron)
Wed Nov  1 04:26:25 UTC 2023 Update Data (Cron)
Wed Nov  1 04:43:50 UTC 2023 Update Data (Cron)
Wed Nov  1 05:04:52 UTC 2023 Update Data (Cron)
Wed Nov  1 05:26:02 UTC 2023 Update Data (Cron)
Wed Nov  1 05:43:29 UTC 2023 Update Data (Cron)
Wed Nov  1 06:05:22 UTC 2023 Update Data (Cron)
Wed Nov  1 06:27:49 UTC 2023 Update Data (Cron)
Wed Nov  1 06:43:35 UTC 2023 Update Data (Cron)
Wed Nov  1 07:04:56 UTC 2023 Update Data (Cron)
Wed Nov  1 07:23:23 UTC 2023 Update Data (Cron)
Wed Nov  1 07:43:22 UTC 2023 Update Data (Cron)
Wed Nov  1 08:05:30 UTC 2023 Update Data (Cron)
Wed Nov  1 08:43:58 UTC 2023 Update Data (Cron)
Wed Nov  1 09:05:08 UTC 2023 Update Data (Cron)
Wed Nov  1 09:24:29 UTC 2023 Update Data (Cron)
Wed Nov  1 09:43:23 UTC 2023 Update Data (Cron)
Wed Nov  1 10:05:04 UTC 2023 Update Data (Cron)
Wed Nov  1 10:27:15 UTC 2023 Update Data (Cron)
Wed Nov  1 10:44:53 UTC 2023 Update Data (Cron)
Wed Nov  1 11:04:35 UTC 2023 Update Data (Cron)
Wed Nov  1 11:23:52 UTC 2023 Update Data (Cron)
Wed Nov  1 11:43:50 UTC 2023 Update Data (Cron)
Wed Nov  1 12:06:09 UTC 2023 Update Data (Cron)
Wed Nov  1 12:31:25 UTC 2023 Update Data (Cron)
Wed Nov  1 12:48:55 UTC 2023 Update Data (Cron)
Wed Nov  1 13:05:24 UTC 2023 Update Data (Cron)
Wed Nov  1 13:25:47 UTC 2023 Update Data (Cron)
Wed Nov  1 13:43:58 UTC 2023 Update Data (Cron)
Wed Nov  1 14:04:48 UTC 2023 Update Data (Cron)
Wed Nov  1 14:26:00 UTC 2023 Update Data (Cron)
Wed Nov  1 14:44:50 UTC 2023 Update Data (Cron)
Wed Nov  1 15:04:41 UTC 2023 Update Data (Cron)
Wed Nov  1 15:25:13 UTC 2023 Update Data (Cron)
Wed Nov  1 15:44:06 UTC 2023 Update Data (Cron)
Wed Nov  1 16:04:45 UTC 2023 Update Data (Cron)
Wed Nov  1 16:28:07 UTC 2023 Update Data (Cron)
Wed Nov  1 16:44:05 UTC 2023 Update Data (Cron)
Wed Nov  1 17:05:03 UTC 2023 Update Data (Cron)
Wed Nov  1 17:25:57 UTC 2023 Update Data (Cron)
Wed Nov  1 17:43:42 UTC 2023 Update Data (Cron)
Wed Nov  1 18:05:00 UTC 2023 Update Data (Cron)
Wed Nov  1 18:27:20 UTC 2023 Update Data (Cron)
Wed Nov  1 18:43:33 UTC 2023 Update Data (Cron)
Wed Nov  1 19:04:19 UTC 2023 Update Data (Cron)
Wed Nov  1 19:24:11 UTC 2023 Update Data (Cron)
Wed Nov  1 19:43:50 UTC 2023 Update Data (Cron)
Wed Nov  1 20:04:54 UTC 2023 Update Data (Cron)
Wed Nov  1 20:25:08 UTC 2023 Update Data (Cron)
Wed Nov  1 20:43:36 UTC 2023 Update Data (Cron)
Wed Nov  1 21:05:10 UTC 2023 Update Data (Cron)
Wed Nov  1 21:23:43 UTC 2023 Update Data (Cron)
Wed Nov  1 21:43:28 UTC 2023 Update Data (Cron)
Wed Nov  1 22:04:43 UTC 2023 Update Data (Cron)
Wed Nov  1 22:26:14 UTC 2023 Update Data (Cron)
Wed Nov  1 22:43:49 UTC 2023 Update Data (Cron)
Wed Nov  1 23:04:47 UTC 2023 Update Data (Cron)
Wed Nov  1 23:24:22 UTC 2023 Update Data (Cron)
Wed Nov  1 23:43:33 UTC 2023 Update Data (Cron)
Thu Nov  2 00:13:06 UTC 2023 Update Data (Cron)
Thu Nov  2 00:34:37 UTC 2023 Update Data (Cron)
Thu Nov  2 01:02:09 UTC 2023 Update Data (Cron)
Thu Nov  2 01:39:15 UTC 2023 Update Data (Cron)
Thu Nov  2 01:59:50 UTC 2023 Update Data (Cron)
Thu Nov  2 02:13:39 UTC 2023 Update Data (Cron)
Thu Nov  2 02:27:58 UTC 2023 Update Data (Cron)
Thu Nov  2 02:43:51 UTC 2023 Update Data (Cron)
Thu Nov  2 03:05:06 UTC 2023 Update Data (Cron)
Thu Nov  2 03:24:36 UTC 2023 Update Data (Cron)
Thu Nov  2 03:43:48 UTC 2023 Update Data (Cron)
Thu Nov  2 04:04:45 UTC 2023 Update Data (Cron)
Thu Nov  2 04:26:54 UTC 2023 Update Data (Cron)
Thu Nov  2 04:43:13 UTC 2023 Update Data (Cron)
Thu Nov  2 05:04:38 UTC 2023 Update Data (Cron)
Thu Nov  2 05:25:50 UTC 2023 Update Data (Cron)
