1696562713306	geckodriver	INFO	Listening on 127.0.0.1:55507
1696562716392	mozrunner::runner	INFO	Running command: "C:\\Program Files\\Mozilla Firefox\\firefox.exe" "--marionette" "-headless" "--remote-debugging-port" "55508" "--remote-allow-hosts" "localhost" "-no-remote" "-profile" "C:\\Users\\ASUS\\AppData\\Local\\Temp\\rust_mozprofilezEQgRz"
*** You are running in headless mode.
console.warn: services.settings: Ignoring preference override of remote settings server
console.warn: services.settings: Allow by setting MOZ_REMOTE_SETTINGS_DEVTOOLS=1 in the environment
1696562716659	Marionette	INFO	Marionette enabled
Dynamically enable window occlusion 0
1696562716716	Marionette	INFO	Listening on port 55516
Read port: 55516
WebDriver BiDi listening on ws://127.0.0.1:55508
1696562716762	RemoteAgent	WARN	TLS certificate errors will be ignored for this session
[GFX1-]: RenderCompositorSWGL failed mapping default framebuffer, no dt
console.error: ({})
DevTools listening on ws://127.0.0.1:55508/devtools/browser/00368d58-3026-45e9-8ef4-51ed660c8acf
JavaScript warning: https://pagead2.googlesyndication.com/bg/YeTNF82ErcXtSc42GSWrie2SEIEL8DxR64dbf1nZkSc.js line 2 > eval line 1737 > eval line 1 > eval line 1 > eval, line 1: WEBGL_debug_renderer_info is deprecated in Firefox and will be removed. Please use RENDERER.
1696562722785	Marionette	INFO	Stopped listening on port 55516
JavaScript warning: https://static.oddschecker.com/OC/js/build/prod/third-party/bundle.tracing.min.3p.1.2.js, line 2: Script terminated by timeout at:
sentryWrapped@https://static.oddschecker.com/OC/js/build/prod/third-party/bundle.tracing.min.3p.1.2.js:2:59972

Dynamically enable window occlusion 1
JavaScript error: , line 0: TypeError: NetworkError when attempting to fetch resource.
1696562829114	geckodriver	INFO	Listening on 127.0.0.1:55628
1696562838410	geckodriver	INFO	Listening on 127.0.0.1:55638
1696562841482	mozrunner::runner	INFO	Running command: "C:\\Program Files\\Mozilla Firefox\\firefox.exe" "--marionette" "-headless" "--remote-debugging-port" "55639" "--remote-allow-hosts" "localhost" "-no-remote" "-profile" "C:\\Users\\ASUS\\AppData\\Local\\Temp\\rust_mozprofileUs0Xxf"
*** You are running in headless mode.
console.warn: services.settings: Ignoring preference override of remote settings server
console.warn: services.settings: Allow by setting MOZ_REMOTE_SETTINGS_DEVTOOLS=1 in the environment
1696562841763	Marionette	INFO	Marionette enabled
Dynamically enable window occlusion 0
1696562841816	Marionette	INFO	Listening on port 55647
WebDriver BiDi listening on ws://127.0.0.1:55639
Read port: 55647
1696562841926	RemoteAgent	WARN	TLS certificate errors will be ignored for this session
[GFX1-]: RenderCompositorSWGL failed mapping default framebuffer, no dt
console.error: ({})
DevTools listening on ws://127.0.0.1:55639/devtools/browser/8cd8bad5-fab2-4b72-8cf6-709cc3f3a9a0
JavaScript warning: https://pagead2.googlesyndication.com/bg/YeTNF82ErcXtSc42GSWrie2SEIEL8DxR64dbf1nZkSc.js line 2 > eval line 5086 > eval line 1 > eval line 1 > eval, line 1: WEBGL_debug_renderer_info is deprecated in Firefox and will be removed. Please use RENDERER.
1696562848577	Marionette	INFO	Stopped listening on port 55647
JavaScript warning: https://static.oddschecker.com/OC/js/build/prod/third-party/bundle.tracing.min.3p.1.2.js, line 2: Script terminated by timeout at:
sentryWrapped@https://static.oddschecker.com/OC/js/build/prod/third-party/bundle.tracing.min.3p.1.2.js:2:59972

Dynamically enable window occlusion 1
JavaScript error: , line 0: TypeError: NetworkError when attempting to fetch resource.
1696562980763	geckodriver	INFO	Listening on 127.0.0.1:55797
1696562983843	mozrunner::runner	INFO	Running command: "C:\\Program Files\\Mozilla Firefox\\firefox.exe" "--marionette" "-headless" "--remote-debugging-port" "55798" "--remote-allow-hosts" "localhost" "-no-remote" "-profile" "C:\\Users\\ASUS\\AppData\\Local\\Temp\\rust_mozprofilewOOrP0"
*** You are running in headless mode.
console.warn: services.settings: Ignoring preference override of remote settings server
console.warn: services.settings: Allow by setting MOZ_REMOTE_SETTINGS_DEVTOOLS=1 in the environment
1696562984132	Marionette	INFO	Marionette enabled
Dynamically enable window occlusion 0
1696562984184	Marionette	INFO	Listening on port 55808
WebDriver BiDi listening on ws://127.0.0.1:55798
Read port: 55808
1696562984340	RemoteAgent	WARN	TLS certificate errors will be ignored for this session
[GFX1-]: RenderCompositorSWGL failed mapping default framebuffer, no dt
console.error: ({})
DevTools listening on ws://127.0.0.1:55798/devtools/browser/894eb00d-30f2-40e1-b7d3-66e136c4283c
JavaScript warning: https://pagead2.googlesyndication.com/bg/YeTNF82ErcXtSc42GSWrie2SEIEL8DxR64dbf1nZkSc.js line 2 > eval line 6464 > eval line 1 > eval line 1 > eval, line 1: WEBGL_debug_renderer_info is deprecated in Firefox and will be removed. Please use RENDERER.
1696562991663	Marionette	INFO	Stopped listening on port 55808
JavaScript warning: https://s0.2mdn.net/dfp/2156948/5129076418/1662132697740/lottie.min.js, line 1: Script terminated by timeout at:
m@https://s0.2mdn.net/dfp/2156948/5129076418/1662132697740/lottie.min.js:1:33434

Dynamically enable window occlusion 1
JavaScript error: , line 0: TypeError: NetworkError when attempting to fetch resource.
1696601967609	geckodriver	INFO	Listening on 127.0.0.1:65375
1696601970666	mozrunner::runner	INFO	Running command: "C:\\Program Files\\Mozilla Firefox\\firefox.exe" "--marionette" "-headless" "--remote-debugging-port" "65376" "--remote-allow-hosts" "localhost" "-no-remote" "-profile" "C:\\Users\\ASUS\\AppData\\Local\\Temp\\rust_mozprofile81400l"
*** You are running in headless mode.
console.warn: services.settings: Ignoring preference override of remote settings server
console.warn: services.settings: Allow by setting MOZ_REMOTE_SETTINGS_DEVTOOLS=1 in the environment
1696601971154	Marionette	INFO	Marionette enabled
Dynamically enable window occlusion 0
1696601971226	Marionette	INFO	Listening on port 65384
WebDriver BiDi listening on ws://127.0.0.1:65376
Read port: 65384
1696601971362	RemoteAgent	WARN	TLS certificate errors will be ignored for this session
[GFX1-]: RenderCompositorSWGL failed mapping default framebuffer, no dt
console.error: ({})
DevTools listening on ws://127.0.0.1:65376/devtools/browser/18885745-6316-49a7-bde0-f39f9ec7bd3f
JavaScript warning: https://pagead2.googlesyndication.com/bg/YeTNF82ErcXtSc42GSWrie2SEIEL8DxR64dbf1nZkSc.js line 2 > eval line 3531 > eval line 1 > eval line 1 > eval, line 1: WEBGL_debug_renderer_info is deprecated in Firefox and will be removed. Please use RENDERER.
1696601978581	Marionette	INFO	Stopped listening on port 65384
JavaScript warning: https://static.oddschecker.com/OC/js/build/prod/third-party/bundle.tracing.min.3p.1.2.js, line 2: Script terminated by timeout at:
sentryWrapped@https://static.oddschecker.com/OC/js/build/prod/third-party/bundle.tracing.min.3p.1.2.js:2:59972

Dynamically enable window occlusion 1
JavaScript error: , line 0: TypeError: NetworkError when attempting to fetch resource.
