Sun Nov  5 03:26:12 UTC 2023 Update Data
Sun Nov  5 03:44:43 UTC 2023 Update Data
Sun Nov  5 04:07:03 UTC 2023 Update Data
Sun Nov  5 04:27:30 UTC 2023 Update Data
Sun Nov  5 04:45:28 UTC 2023 Update Data
Sun Nov  5 05:06:41 UTC 2023 Update Data
Sun Nov  5 05:26:59 UTC 2023 Update Data
Sun Nov  5 05:44:49 UTC 2023 Update Data
Sun Nov  5 06:06:44 UTC 2023 Update Data
Sun Nov  5 06:27:48 UTC 2023 Update Data
Sun Nov  5 06:44:51 UTC 2023 Update Data
Sun Nov  5 07:06:18 UTC 2023 Update Data
Sun Nov  5 07:24:47 UTC 2023 Update Data
Sun Nov  5 07:44:56 UTC 2023 Update Data
Sun Nov  5 08:07:10 UTC 2023 Update Data
Sun Nov  5 08:45:11 UTC 2023 Update Data
Sun Nov  5 09:06:43 UTC 2023 Update Data
Sun Nov  5 09:25:09 UTC 2023 Update Data
Sun Nov  5 09:44:42 UTC 2023 Update Data
Sun Nov  5 10:06:05 UTC 2023 Update Data
Sun Nov  5 10:27:32 UTC 2023 Update Data
Sun Nov  5 10:44:35 UTC 2023 Update Data
Sun Nov  5 11:06:21 UTC 2023 Update Data
Sun Nov  5 11:24:50 UTC 2023 Update Data
Sun Nov  5 13:25:21 UTC 2023 Update Data
Sun Nov  5 13:44:39 UTC 2023 Update Data
Sun Nov  5 14:06:02 UTC 2023 Update Data
Sun Nov  5 14:25:48 UTC 2023 Update Data
Sun Nov  5 14:45:11 UTC 2023 Update Data
Sun Nov  5 15:06:37 UTC 2023 Update Data
Sun Nov  5 15:25:44 UTC 2023 Update Data
Sun Nov  5 15:45:06 UTC 2023 Update Data
Sun Nov  5 16:06:57 UTC 2023 Update Data
Sun Nov  5 16:28:18 UTC 2023 Update Data
Sun Nov  5 16:44:55 UTC 2023 Update Data
Sun Nov  5 17:06:36 UTC 2023 Update Data
Sun Nov  5 17:26:36 UTC 2023 Update Data
Sun Nov  5 17:44:58 UTC 2023 Update Data
Sun Nov  5 18:06:31 UTC 2023 Update Data
Sun Nov  5 18:27:25 UTC 2023 Update Data
Sun Nov  5 18:44:53 UTC 2023 Update Data
Sun Nov  5 19:06:02 UTC 2023 Update Data
Sun Nov  5 19:24:57 UTC 2023 Update Data
Sun Nov  5 19:44:54 UTC 2023 Update Data
Sun Nov  5 20:06:52 UTC 2023 Update Data
Sun Nov  5 20:24:50 UTC 2023 Update Data
Sun Nov  5 20:44:43 UTC 2023 Update Data
Sun Nov  5 21:06:07 UTC 2023 Update Data
Sun Nov  5 21:25:25 UTC 2023 Update Data
Sun Nov  5 21:45:06 UTC 2023 Update Data
Sun Nov  5 22:06:06 UTC 2023 Update Data
Sun Nov  5 22:26:31 UTC 2023 Update Data
Sun Nov  5 22:45:10 UTC 2023 Update Data
Sun Nov  5 23:06:07 UTC 2023 Update Data
Sun Nov  5 23:25:09 UTC 2023 Update Data
Sun Nov  5 23:44:54 UTC 2023 Update Data
Mon Nov  6 00:21:41 UTC 2023 Update Data
Mon Nov  6 01:03:55 UTC 2023 Update Data
Mon Nov  6 01:42:18 UTC 2023 Update Data
Mon Nov  6 02:15:28 UTC 2023 Update Data
Mon Nov  6 02:31:08 UTC 2023 Update Data
Mon Nov  6 02:45:05 UTC 2023 Update Data
Mon Nov  6 03:06:41 UTC 2023 Update Data
Mon Nov  6 03:26:08 UTC 2023 Update Data
Mon Nov  6 03:45:32 UTC 2023 Update Data
Mon Nov  6 04:06:57 UTC 2023 Update Data
Mon Nov  6 04:28:02 UTC 2023 Update Data
Mon Nov  6 04:44:58 UTC 2023 Update Data
Mon Nov  6 05:06:17 UTC 2023 Update Data
Mon Nov  6 05:27:54 UTC 2023 Update Data
Mon Nov  6 05:45:39 UTC 2023 Update Data
Mon Nov  6 06:07:18 UTC 2023 Update Data
Mon Nov  6 06:28:51 UTC 2023 Update Data
Mon Nov  6 06:45:27 UTC 2023 Update Data
Mon Nov  6 07:07:04 UTC 2023 Update Data
Mon Nov  6 07:25:14 UTC 2023 Update Data
Mon Nov  6 07:45:10 UTC 2023 Update Data
Mon Nov  6 08:44:54 UTC 2023 Update Data
Mon Nov  6 09:06:46 UTC 2023 Update Data
Mon Nov  6 09:27:18 UTC 2023 Update Data
Mon Nov  6 09:45:26 UTC 2023 Update Data
Mon Nov  6 10:07:14 UTC 2023 Update Data
Mon Nov  6 10:29:15 UTC 2023 Update Data
Mon Nov  6 10:45:26 UTC 2023 Update Data
Mon Nov  6 11:06:18 UTC 2023 Update Data
Mon Nov  6 11:25:31 UTC 2023 Update Data
Mon Nov  6 11:45:11 UTC 2023 Update Data
Mon Nov  6 12:09:18 UTC 2023 Update Data
Mon Nov  6 12:33:33 UTC 2023 Update Data
Mon Nov  6 12:50:48 UTC 2023 Update Data
Mon Nov  6 13:08:27 UTC 2023 Update Data
Mon Nov  6 13:27:45 UTC 2023 Update Data
Mon Nov  6 13:45:02 UTC 2023 Update Data
Mon Nov  6 14:07:02 UTC 2023 Update Data
Mon Nov  6 14:29:08 UTC 2023 Update Data
Mon Nov  6 14:45:01 UTC 2023 Update Data
Mon Nov  6 15:07:12 UTC 2023 Update Data
Mon Nov  6 15:27:01 UTC 2023 Update Data
Mon Nov  6 15:50:25 UTC 2023 Update Data
Mon Nov  6 16:06:53 UTC 2023 Update Data
Mon Nov  6 16:45:39 UTC 2023 Update Data
Mon Nov  6 17:06:24 UTC 2023 Update Data
Mon Nov  6 17:27:00 UTC 2023 Update Data
Mon Nov  6 17:44:57 UTC 2023 Update Data
Mon Nov  6 18:07:16 UTC 2023 Update Data
Mon Nov  6 18:28:22 UTC 2023 Update Data
Mon Nov  6 18:44:38 UTC 2023 Update Data
Mon Nov  6 19:06:22 UTC 2023 Update Data
Mon Nov  6 19:24:47 UTC 2023 Update Data
Mon Nov  6 19:45:01 UTC 2023 Update Data
Mon Nov  6 20:06:46 UTC 2023 Update Data
Mon Nov  6 20:26:01 UTC 2023 Update Data
Mon Nov  6 20:45:27 UTC 2023 Update Data
Mon Nov  6 21:06:06 UTC 2023 Update Data
Mon Nov  6 21:25:05 UTC 2023 Update Data
Mon Nov  6 21:44:42 UTC 2023 Update Data
Mon Nov  6 22:06:32 UTC 2023 Update Data
Mon Nov  6 22:27:38 UTC 2023 Update Data
Mon Nov  6 22:45:04 UTC 2023 Update Data
Mon Nov  6 23:06:14 UTC 2023 Update Data
Mon Nov  6 23:25:41 UTC 2023 Update Data
Mon Nov  6 23:44:53 UTC 2023 Update Data
Tue Nov  7 00:21:32 UTC 2023 Update Data
Tue Nov  7 00:42:26 UTC 2023 Update Data
Tue Nov  7 01:29:08 UTC 2023 Update Data
Tue Nov  7 02:00:36 UTC 2023 Update Data
Tue Nov  7 02:16:29 UTC 2023 Update Data
Tue Nov  7 02:29:49 UTC 2023 Update Data
Tue Nov  7 02:45:29 UTC 2023 Update Data
Tue Nov  7 03:06:35 UTC 2023 Update Data
Tue Nov  7 03:25:55 UTC 2023 Update Data
Tue Nov  7 03:44:53 UTC 2023 Update Data
Tue Nov  7 04:06:42 UTC 2023 Update Data
Tue Nov  7 04:28:15 UTC 2023 Update Data
Tue Nov  7 04:45:34 UTC 2023 Update Data
Tue Nov  7 05:07:00 UTC 2023 Update Data
Tue Nov  7 05:26:58 UTC 2023 Update Data
Tue Nov  7 05:44:50 UTC 2023 Update Data
Tue Nov  7 06:07:20 UTC 2023 Update Data
Tue Nov  7 06:28:19 UTC 2023 Update Data
Tue Nov  7 06:45:10 UTC 2023 Update Data
Tue Nov  7 07:07:01 UTC 2023 Update Data
Tue Nov  7 07:25:26 UTC 2023 Update Data
Tue Nov  7 07:45:11 UTC 2023 Update Data
Tue Nov  7 08:44:58 UTC 2023 Update Data
Tue Nov  7 09:06:50 UTC 2023 Update Data
Tue Nov  7 09:25:38 UTC 2023 Update Data
Tue Nov  7 09:45:04 UTC 2023 Update Data
Tue Nov  7 10:06:35 UTC 2023 Update Data
Tue Nov  7 10:28:27 UTC 2023 Update Data
Tue Nov  7 10:44:35 UTC 2023 Update Data
Tue Nov  7 11:06:11 UTC 2023 Update Data
Tue Nov  7 11:24:55 UTC 2023 Update Data
Tue Nov  7 11:44:57 UTC 2023 Update Data
Tue Nov  7 12:08:29 UTC 2023 Update Data
Tue Nov  7 12:33:16 UTC 2023 Update Data
Tue Nov  7 12:49:54 UTC 2023 Update Data
Tue Nov  7 13:07:57 UTC 2023 Update Data
Tue Nov  7 13:26:35 UTC 2023 Update Data
Tue Nov  7 13:44:48 UTC 2023 Update Data
Tue Nov  7 14:07:11 UTC 2023 Update Data
Tue Nov  7 14:27:07 UTC 2023 Update Data
Tue Nov  7 14:44:40 UTC 2023 Update Data
Tue Nov  7 15:06:58 UTC 2023 Update Data
Tue Nov  7 15:26:11 UTC 2023 Update Data
Tue Nov  7 15:45:17 UTC 2023 Update Data
Tue Nov  7 16:07:01 UTC 2023 Update Data
Tue Nov  7 16:29:23 UTC 2023 Update Data
Tue Nov  7 16:44:56 UTC 2023 Update Data
Tue Nov  7 17:06:27 UTC 2023 Update Data
Tue Nov  7 17:26:36 UTC 2023 Update Data
Tue Nov  7 17:45:04 UTC 2023 Update Data
Tue Nov  7 18:07:24 UTC 2023 Update Data
Tue Nov  7 18:28:00 UTC 2023 Update Data
Tue Nov  7 18:45:17 UTC 2023 Update Data
Tue Nov  7 19:06:09 UTC 2023 Update Data
Tue Nov  7 19:24:56 UTC 2023 Update Data
Tue Nov  7 19:45:11 UTC 2023 Update Data
Tue Nov  7 20:06:38 UTC 2023 Update Data
Tue Nov  7 20:25:40 UTC 2023 Update Data
Tue Nov  7 20:44:46 UTC 2023 Update Data
Tue Nov  7 21:06:35 UTC 2023 Update Data
Tue Nov  7 21:25:12 UTC 2023 Update Data
Tue Nov  7 21:44:58 UTC 2023 Update Data
Tue Nov  7 22:06:56 UTC 2023 Update Data
Tue Nov  7 22:27:36 UTC 2023 Update Data
Tue Nov  7 22:44:42 UTC 2023 Update Data
Tue Nov  7 23:06:20 UTC 2023 Update Data
Tue Nov  7 23:26:03 UTC 2023 Update Data
Tue Nov  7 23:44:51 UTC 2023 Update Data
Wed Nov  8 00:20:45 UTC 2023 Update Data
Wed Nov  8 00:42:02 UTC 2023 Update Data
Wed Nov  8 01:28:21 UTC 2023 Update Data
Wed Nov  8 02:00:17 UTC 2023 Update Data
Wed Nov  8 02:15:38 UTC 2023 Update Data
Wed Nov  8 02:29:20 UTC 2023 Update Data
Wed Nov  8 02:45:18 UTC 2023 Update Data
Wed Nov  8 03:06:43 UTC 2023 Update Data
Wed Nov  8 03:25:54 UTC 2023 Update Data
Wed Nov  8 03:44:32 UTC 2023 Update Data
Wed Nov  8 04:07:02 UTC 2023 Update Data
Wed Nov  8 04:27:42 UTC 2023 Update Data
Wed Nov  8 04:45:38 UTC 2023 Update Data
Wed Nov  8 05:06:48 UTC 2023 Update Data
Wed Nov  8 05:27:23 UTC 2023 Update Data
Wed Nov  8 05:44:49 UTC 2023 Update Data
Wed Nov  8 06:07:29 UTC 2023 Update Data
Wed Nov  8 06:28:22 UTC 2023 Update Data
Wed Nov  8 06:44:58 UTC 2023 Update Data
Wed Nov  8 07:06:32 UTC 2023 Update Data
Wed Nov  8 07:24:57 UTC 2023 Update Data
Wed Nov  8 07:45:27 UTC 2023 Update Data
Wed Nov  8 08:45:34 UTC 2023 Update Data
Wed Nov  8 09:06:22 UTC 2023 Update Data
Wed Nov  8 09:25:19 UTC 2023 Update Data
Wed Nov  8 09:44:56 UTC 2023 Update Data
Wed Nov  8 10:07:05 UTC 2023 Update Data
Wed Nov  8 10:29:05 UTC 2023 Update Data
Wed Nov  8 10:45:10 UTC 2023 Update Data
Wed Nov  8 11:06:13 UTC 2023 Update Data
Wed Nov  8 11:24:55 UTC 2023 Update Data
Wed Nov  8 11:44:53 UTC 2023 Update Data
Wed Nov  8 12:08:07 UTC 2023 Update Data
Wed Nov  8 12:33:24 UTC 2023 Update Data
Wed Nov  8 12:49:52 UTC 2023 Update Data
Wed Nov  8 13:07:26 UTC 2023 Update Data
Wed Nov  8 13:26:56 UTC 2023 Update Data
Wed Nov  8 13:45:19 UTC 2023 Update Data
Wed Nov  8 14:06:39 UTC 2023 Update Data
Wed Nov  8 14:27:46 UTC 2023 Update Data
Wed Nov  8 14:44:36 UTC 2023 Update Data
Wed Nov  8 15:06:29 UTC 2023 Update Data
Wed Nov  8 15:26:08 UTC 2023 Update Data
Wed Nov  8 15:44:54 UTC 2023 Update Data
Wed Nov  8 16:06:50 UTC 2023 Update Data
Wed Nov  8 16:29:20 UTC 2023 Update Data
Wed Nov  8 16:45:32 UTC 2023 Update Data
Wed Nov  8 17:06:25 UTC 2023 Update Data
Wed Nov  8 17:26:57 UTC 2023 Update Data
Wed Nov  8 17:44:52 UTC 2023 Update Data
Wed Nov  8 18:06:42 UTC 2023 Update Data
Wed Nov  8 18:28:21 UTC 2023 Update Data
Wed Nov  8 18:44:51 UTC 2023 Update Data
Wed Nov  8 19:06:04 UTC 2023 Update Data
Wed Nov  8 19:24:54 UTC 2023 Update Data
Wed Nov  8 19:45:01 UTC 2023 Update Data
Wed Nov  8 20:06:37 UTC 2023 Update Data
Wed Nov  8 20:26:09 UTC 2023 Update Data
Wed Nov  8 20:45:15 UTC 2023 Update Data
Wed Nov  8 21:06:50 UTC 2023 Update Data
Wed Nov  8 21:24:59 UTC 2023 Update Data
Wed Nov  8 21:44:58 UTC 2023 Update Data
Wed Nov  8 22:06:24 UTC 2023 Update Data
Wed Nov  8 22:27:18 UTC 2023 Update Data
Wed Nov  8 22:45:10 UTC 2023 Update Data
Wed Nov  8 23:06:15 UTC 2023 Update Data
Wed Nov  8 23:24:59 UTC 2023 Update Data
Wed Nov  8 23:44:55 UTC 2023 Update Data
Thu Nov  9 00:20:40 UTC 2023 Update Data
Thu Nov  9 00:42:25 UTC 2023 Update Data
Thu Nov  9 01:28:48 UTC 2023 Update Data
Thu Nov  9 01:59:54 UTC 2023 Update Data
Thu Nov  9 02:15:40 UTC 2023 Update Data
Thu Nov  9 02:29:22 UTC 2023 Update Data
Thu Nov  9 02:44:52 UTC 2023 Update Data
Thu Nov  9 03:06:38 UTC 2023 Update Data
Thu Nov  9 03:25:14 UTC 2023 Update Data
Thu Nov  9 03:44:45 UTC 2023 Update Data
Thu Nov  9 04:07:26 UTC 2023 Update Data
Thu Nov  9 04:28:06 UTC 2023 Update Data
Thu Nov  9 04:45:06 UTC 2023 Update Data
Thu Nov  9 05:06:15 UTC 2023 Update Data
Thu Nov  9 05:26:35 UTC 2023 Update Data
Thu Nov  9 05:44:49 UTC 2023 Update Data
Thu Nov  9 06:06:57 UTC 2023 Update Data
Thu Nov  9 06:28:23 UTC 2023 Update Data
Thu Nov  9 06:45:06 UTC 2023 Update Data
Thu Nov  9 07:06:15 UTC 2023 Update Data
Thu Nov  9 07:24:58 UTC 2023 Update Data
Thu Nov  9 07:44:57 UTC 2023 Update Data
Thu Nov  9 08:07:35 UTC 2023 Update Data
Thu Nov  9 08:44:45 UTC 2023 Update Data
Thu Nov  9 09:06:29 UTC 2023 Update Data
Thu Nov  9 09:25:08 UTC 2023 Update Data
Thu Nov  9 09:45:15 UTC 2023 Update Data
Thu Nov  9 10:06:58 UTC 2023 Update Data
Thu Nov  9 10:28:26 UTC 2023 Update Data
Thu Nov  9 10:44:55 UTC 2023 Update Data
Thu Nov  9 11:06:51 UTC 2023 Update Data
Thu Nov  9 11:45:08 UTC 2023 Update Data
Thu Nov  9 12:08:55 UTC 2023 Update Data
Thu Nov  9 12:33:37 UTC 2023 Update Data
Thu Nov  9 12:50:00 UTC 2023 Update Data
Thu Nov  9 13:07:05 UTC 2023 Update Data
Thu Nov  9 13:29:36 UTC 2023 Update Data
Thu Nov  9 13:44:52 UTC 2023 Update Data
Thu Nov  9 14:06:55 UTC 2023 Update Data
Thu Nov  9 14:27:33 UTC 2023 Update Data
Thu Nov  9 14:45:27 UTC 2023 Update Data
Thu Nov  9 15:06:33 UTC 2023 Update Data
Thu Nov  9 15:26:06 UTC 2023 Update Data
Thu Nov  9 15:45:04 UTC 2023 Update Data
Thu Nov  9 16:06:39 UTC 2023 Update Data
Thu Nov  9 16:29:34 UTC 2023 Update Data
Thu Nov  9 16:45:23 UTC 2023 Update Data
Thu Nov  9 17:06:59 UTC 2023 Update Data
Thu Nov  9 17:27:02 UTC 2023 Update Data
Thu Nov  9 17:45:41 UTC 2023 Update Data
Thu Nov  9 18:06:41 UTC 2023 Update Data
Thu Nov  9 18:28:02 UTC 2023 Update Data
Thu Nov  9 18:44:44 UTC 2023 Update Data
Thu Nov  9 19:06:07 UTC 2023 Update Data
Thu Nov  9 19:25:21 UTC 2023 Update Data
Thu Nov  9 19:44:52 UTC 2023 Update Data
Thu Nov  9 20:06:51 UTC 2023 Update Data
Thu Nov  9 20:26:18 UTC 2023 Update Data
Thu Nov  9 20:45:37 UTC 2023 Update Data
Thu Nov  9 21:06:39 UTC 2023 Update Data
Thu Nov  9 21:25:34 UTC 2023 Update Data
Thu Nov  9 21:44:46 UTC 2023 Update Data
Thu Nov  9 22:06:20 UTC 2023 Update Data
Thu Nov  9 22:27:19 UTC 2023 Update Data
Thu Nov  9 22:45:32 UTC 2023 Update Data
Thu Nov  9 23:06:26 UTC 2023 Update Data
Thu Nov  9 23:25:35 UTC 2023 Update Data
Thu Nov  9 23:45:29 UTC 2023 Update Data
Fri Nov 10 00:20:50 UTC 2023 Update Data
Fri Nov 10 00:42:09 UTC 2023 Update Data
Fri Nov 10 01:28:41 UTC 2023 Update Data
Fri Nov 10 02:00:15 UTC 2023 Update Data
Fri Nov 10 02:16:00 UTC 2023 Update Data
Fri Nov 10 02:29:35 UTC 2023 Update Data
Fri Nov 10 02:45:07 UTC 2023 Update Data
Fri Nov 10 03:06:52 UTC 2023 Update Data
Fri Nov 10 03:25:30 UTC 2023 Update Data
Fri Nov 10 03:44:46 UTC 2023 Update Data
Fri Nov 10 04:07:42 UTC 2023 Update Data
Fri Nov 10 04:27:37 UTC 2023 Update Data
Fri Nov 10 04:45:20 UTC 2023 Update Data
Fri Nov 10 05:06:32 UTC 2023 Update Data
Fri Nov 10 05:26:58 UTC 2023 Update Data
Fri Nov 10 05:44:37 UTC 2023 Update Data
Fri Nov 10 06:07:36 UTC 2023 Update Data
Fri Nov 10 06:28:37 UTC 2023 Update Data
Fri Nov 10 06:44:52 UTC 2023 Update Data
Fri Nov 10 07:06:28 UTC 2023 Update Data
Fri Nov 10 07:24:52 UTC 2023 Update Data
Fri Nov 10 07:44:56 UTC 2023 Update Data
Fri Nov 10 08:07:39 UTC 2023 Update Data
Fri Nov 10 08:44:44 UTC 2023 Update Data
Fri Nov 10 09:06:51 UTC 2023 Update Data
Fri Nov 10 09:25:22 UTC 2023 Update Data
Fri Nov 10 09:45:09 UTC 2023 Update Data
Fri Nov 10 10:06:30 UTC 2023 Update Data
Fri Nov 10 10:28:40 UTC 2023 Update Data
Fri Nov 10 10:45:19 UTC 2023 Update Data
Fri Nov 10 11:06:40 UTC 2023 Update Data
Fri Nov 10 11:24:53 UTC 2023 Update Data
Fri Nov 10 11:44:50 UTC 2023 Update Data
Fri Nov 10 12:08:11 UTC 2023 Update Data
Fri Nov 10 12:33:15 UTC 2023 Update Data
Fri Nov 10 12:49:41 UTC 2023 Update Data
Fri Nov 10 13:07:47 UTC 2023 Update Data
Fri Nov 10 13:27:02 UTC 2023 Update Data
Fri Nov 10 13:45:07 UTC 2023 Update Data
Fri Nov 10 14:06:33 UTC 2023 Update Data
Fri Nov 10 14:27:31 UTC 2023 Update Data
Fri Nov 10 14:44:49 UTC 2023 Update Data
Fri Nov 10 15:06:41 UTC 2023 Update Data
Fri Nov 10 15:25:52 UTC 2023 Update Data
Fri Nov 10 15:45:20 UTC 2023 Update Data
Fri Nov 10 16:06:31 UTC 2023 Update Data
Fri Nov 10 16:29:04 UTC 2023 Update Data
Fri Nov 10 16:44:55 UTC 2023 Update Data
Fri Nov 10 17:06:24 UTC 2023 Update Data
Fri Nov 10 17:26:38 UTC 2023 Update Data
Fri Nov 10 17:45:12 UTC 2023 Update Data
Fri Nov 10 18:07:09 UTC 2023 Update Data
Fri Nov 10 18:27:49 UTC 2023 Update Data
Fri Nov 10 18:45:09 UTC 2023 Update Data
Fri Nov 10 19:06:10 UTC 2023 Update Data
Fri Nov 10 19:24:41 UTC 2023 Update Data
Fri Nov 10 19:45:27 UTC 2023 Update Data
Fri Nov 10 20:06:26 UTC 2023 Update Data
Fri Nov 10 20:25:37 UTC 2023 Update Data
Fri Nov 10 20:45:19 UTC 2023 Update Data
Fri Nov 10 21:06:12 UTC 2023 Update Data
Fri Nov 10 21:24:54 UTC 2023 Update Data
Fri Nov 10 21:44:39 UTC 2023 Update Data
Fri Nov 10 22:06:39 UTC 2023 Update Data
Fri Nov 10 22:27:32 UTC 2023 Update Data
Fri Nov 10 22:45:01 UTC 2023 Update Data
Fri Nov 10 23:06:41 UTC 2023 Update Data
Fri Nov 10 23:25:27 UTC 2023 Update Data
Fri Nov 10 23:45:36 UTC 2023 Update Data
Sat Nov 11 00:20:23 UTC 2023 Update Data
Sat Nov 11 00:41:34 UTC 2023 Update Data
Sat Nov 11 01:27:44 UTC 2023 Update Data
Sat Nov 11 02:22:52 UTC 2023 Update Data
Sat Nov 11 02:57:41 UTC 2023 Update Data
Sat Nov 11 03:10:47 UTC 2023 Update Data
Sat Nov 11 03:26:27 UTC 2023 Update Data
Sat Nov 11 03:45:00 UTC 2023 Update Data
Sat Nov 11 04:07:23 UTC 2023 Update Data
Sat Nov 11 04:27:33 UTC 2023 Update Data
Sat Nov 11 05:06:55 UTC 2023 Update Data
Sat Nov 11 05:26:22 UTC 2023 Update Data
Sat Nov 11 05:45:26 UTC 2023 Update Data
Sat Nov 11 06:06:57 UTC 2023 Update Data
Sat Nov 11 06:27:33 UTC 2023 Update Data
Sat Nov 11 06:44:32 UTC 2023 Update Data
Sat Nov 11 07:06:28 UTC 2023 Update Data
Sat Nov 11 07:25:07 UTC 2023 Update Data
Sat Nov 11 07:45:02 UTC 2023 Update Data
Sat Nov 11 08:44:37 UTC 2023 Update Data
Sat Nov 11 09:06:41 UTC 2023 Update Data
Sat Nov 11 09:25:09 UTC 2023 Update Data
Sat Nov 11 09:45:00 UTC 2023 Update Data
Sat Nov 11 10:07:19 UTC 2023 Update Data
Sat Nov 11 10:27:25 UTC 2023 Update Data
Sat Nov 11 10:44:31 UTC 2023 Update Data
Sat Nov 11 11:06:00 UTC 2023 Update Data
Sat Nov 11 11:25:22 UTC 2023 Update Data
Sat Nov 11 11:45:17 UTC 2023 Update Data
Sat Nov 11 12:07:55 UTC 2023 Update Data
Sat Nov 11 12:32:59 UTC 2023 Update Data
Sat Nov 11 19:25:11 UTC 2023 Update Data
Sat Nov 11 19:45:40 UTC 2023 Update Data
Sat Nov 11 20:06:54 UTC 2023 Update Data
Sat Nov 11 20:25:33 UTC 2023 Update Data
Sat Nov 11 20:46:06 UTC 2023 Update Data
Sat Nov 11 21:06:10 UTC 2023 Update Data
Sat Nov 11 21:25:01 UTC 2023 Update Data
Sat Nov 11 21:45:03 UTC 2023 Update Data
Sat Nov 11 22:06:11 UTC 2023 Update Data
Sat Nov 11 22:26:35 UTC 2023 Update Data
