1696561641253	geckodriver	INFO	Listening on 127.0.0.1:54166
1696561644308	mozrunner::runner	INFO	Running command: "C:\\Program Files\\Mozilla Firefox\\firefox.exe" "--marionette" "-headless" "--remote-debugging-port" "54167" "--remote-allow-hosts" "localhost" "-no-remote" "-profile" "C:\\Users\\ASUS\\AppData\\Local\\Temp\\rust_mozprofileE6HVrM"
*** You are running in headless mode.
console.warn: services.settings: Ignoring preference override of remote settings server
console.warn: services.settings: Allow by setting MOZ_REMOTE_SETTINGS_DEVTOOLS=1 in the environment
1696561644849	Marionette	INFO	Marionette enabled
Dynamically enable window occlusion 0
1696561644923	Marionette	INFO	Listening on port 54177
WebDriver BiDi listening on ws://127.0.0.1:54167
Read port: 54177
1696561645117	RemoteAgent	WARN	TLS certificate errors will be ignored for this session
[GFX1-]: RenderCompositorSWGL failed mapping default framebuffer, no dt
console.error: ({})
DevTools listening on ws://127.0.0.1:54167/devtools/browser/91ea7dbd-e7b9-487b-95b0-848ec185566c
1696561653638	Marionette	INFO	Stopped listening on port 54177
JavaScript warning: https://www.googletagmanager.com/gtm.js?id=GTM-57L4GZ, line 144: Script terminated by timeout at:
Bf@https://www.googletagmanager.com/gtm.js?id=GTM-57L4GZ:144:200
Cf@https://www.googletagmanager.com/gtm.js?id=GTM-57L4GZ:146:279
Df@https://www.googletagmanager.com/gtm.js?id=GTM-57L4GZ:145:424
Ef@https://www.googletagmanager.com/gtm.js?id=GTM-57L4GZ:148:139
Lf/<@https://www.googletagmanager.com/gtm.js?id=GTM-57L4GZ:149:192
Mf@https://www.googletagmanager.com/gtm.js?id=GTM-57L4GZ:148:1373
Nf@https://www.googletagmanager.com/gtm.js?id=GTM-57L4GZ:148:1133
Nv@https://www.googletagmanager.com/gtm.js?id=GTM-57L4GZ:403:148
Yw@https://www.googletagmanager.com/gtm.js?id=GTM-57L4GZ:424:272
ax@https://www.googletagmanager.com/gtm.js?id=GTM-57L4GZ:429:57
ex/b.push@https://www.googletagmanager.com/gtm.js?id=GTM-57L4GZ:433:315
ex/b.push@https://www.googletagmanager.com/gtag/js?id=G-DYH22RGD1Z&l=dataLayer&cx=c:459:165
ct/b.push@https://www.googleoptimize.com/optimize.js?id=OPT-P7JC9C9:255:165
Vw@https://www.googletagmanager.com/gtm.js?id=GTM-57L4GZ:423:36
uy@https://www.googletagmanager.com/gtm.js?id=GTM-57L4GZ:440:517
a/<@https://www.googletagmanager.com/gtm.js?id=GTM-57L4GZ:596:153
sentryWrapped@https://static.oddschecker.com/OC/js/build/prod/third-party/bundle.tracing.min.3p.1.2.js:2:60192

Dynamically enable window occlusion 1
JavaScript error: , line 0: TypeError: NetworkError when attempting to fetch resource.
1696561769334	geckodriver	INFO	Listening on 127.0.0.1:54482
1696561772402	mozrunner::runner	INFO	Running command: "C:\\Program Files\\Mozilla Firefox\\firefox.exe" "--marionette" "-headless" "--remote-debugging-port" "54483" "--remote-allow-hosts" "localhost" "-no-remote" "-profile" "C:\\Users\\ASUS\\AppData\\Local\\Temp\\rust_mozprofileL5dYCV"
*** You are running in headless mode.
1696561830025	geckodriver	INFO	Listening on 127.0.0.1:54548
1696561833104	mozrunner::runner	INFO	Running command: "C:\\Program Files\\Mozilla Firefox\\firefox.exe" "--marionette" "-headless" "--remote-debugging-port" "54549" "--remote-allow-hosts" "localhost" "-no-remote" "-profile" "C:\\Users\\ASUS\\AppData\\Local\\Temp\\rust_mozprofiletkJ2Gx"
*** You are running in headless mode.
console.warn: services.settings: Ignoring preference override of remote settings server
console.warn: services.settings: Allow by setting MOZ_REMOTE_SETTINGS_DEVTOOLS=1 in the environment
1696561833384	Marionette	INFO	Marionette enabled
Dynamically enable window occlusion 0
1696561833438	Marionette	INFO	Listening on port 54557
Read port: 54557
WebDriver BiDi listening on ws://127.0.0.1:54549
1696561833483	RemoteAgent	WARN	TLS certificate errors will be ignored for this session
[GFX1-]: RenderCompositorSWGL failed mapping default framebuffer, no dt
console.error: ({})
DevTools listening on ws://127.0.0.1:54549/devtools/browser/3707e253-f2c5-48c3-a29a-1c11cb0a824e
JavaScript warning: https://pagead2.googlesyndication.com/bg/YeTNF82ErcXtSc42GSWrie2SEIEL8DxR64dbf1nZkSc.js line 2 > eval line 6248 > eval line 1 > eval line 1 > eval, line 1: WEBGL_debug_renderer_info is deprecated in Firefox and will be removed. Please use RENDERER.
1696561842014	Marionette	INFO	Stopped listening on port 54557
JavaScript warning: https://s0.2mdn.net/dfp/2156948/5129076418/1662132697740/lottie.min.js, line 1: Script terminated by timeout at:
m@https://s0.2mdn.net/dfp/2156948/5129076418/1662132697740/lottie.min.js:1:33434

JavaScript warning: https://static.oddschecker.com/OC/js/build/prod/third-party/bundle.tracing.min.3p.1.2.js, line 2: Script terminated by timeout at:
sentryWrapped@https://static.oddschecker.com/OC/js/build/prod/third-party/bundle.tracing.min.3p.1.2.js:2:59972

Dynamically enable window occlusion 1
JavaScript error: , line 0: TypeError: NetworkError when attempting to fetch resource.
1696561883944	geckodriver	INFO	Listening on 127.0.0.1:54670
1696561887039	mozrunner::runner	INFO	Running command: "C:\\Program Files\\Mozilla Firefox\\firefox.exe" "--marionette" "-headless" "--remote-debugging-port" "54671" "--remote-allow-hosts" "localhost" "-no-remote" "-profile" "C:\\Users\\ASUS\\AppData\\Local\\Temp\\rust_mozprofilenPDO9w"
*** You are running in headless mode.
console.warn: services.settings: Ignoring preference override of remote settings server
console.warn: services.settings: Allow by setting MOZ_REMOTE_SETTINGS_DEVTOOLS=1 in the environment
1696561887317	Marionette	INFO	Marionette enabled
Dynamically enable window occlusion 0
1696561887369	Marionette	INFO	Listening on port 54680
Read port: 54680
WebDriver BiDi listening on ws://127.0.0.1:54671
1696561887417	RemoteAgent	WARN	TLS certificate errors will be ignored for this session
[GFX1-]: RenderCompositorSWGL failed mapping default framebuffer, no dt
console.error: ({})
DevTools listening on ws://127.0.0.1:54671/devtools/browser/11f89123-2a19-48d1-a333-852d7861692a
JavaScript warning: https://pagead2.googlesyndication.com/bg/YeTNF82ErcXtSc42GSWrie2SEIEL8DxR64dbf1nZkSc.js line 2 > eval line 6269 > eval line 1 > eval line 1 > eval, line 1: WEBGL_debug_renderer_info is deprecated in Firefox and will be removed. Please use RENDERER.
1696561894763	Marionette	INFO	Stopped listening on port 54680
JavaScript warning: https://pagead2.googlesyndication.com/bg/YeTNF82ErcXtSc42GSWrie2SEIEL8DxR64dbf1nZkSc.js line 2 > eval line 6269 > eval line 1 > eval line 1 > eval, line 1: Script terminated by timeout at:
W@https://pagead2.googlesyndication.com/bg/YeTNF82ErcXtSc42GSWrie2SEIEL8DxR64dbf1nZkSc.js line 2 > eval line 6269 > eval line 1 > eval line 1 > eval:1:24
Ts@https://pagead2.googlesyndication.com/bg/YeTNF82ErcXtSc42GSWrie2SEIEL8DxR64dbf1nZkSc.js line 2 > eval line 6269 > eval line 1 > eval line 1 > eval:1:55
LP@https://pagead2.googlesyndication.com/bg/YeTNF82ErcXtSc42GSWrie2SEIEL8DxR64dbf1nZkSc.js line 2 > eval line 6269 > eval line 1 > eval line 1 > eval:1:43
CJ@https://pagead2.googlesyndication.com/bg/YeTNF82ErcXtSc42GSWrie2SEIEL8DxR64dbf1nZkSc.js line 2 > eval line 6269 > eval line 1 > eval line 1 > eval:1:104
@https://pagead2.googlesyndication.com/bg/YeTNF82ErcXtSc42GSWrie2SEIEL8DxR64dbf1nZkSc.js line 2 > eval line 6269 > eval line 1 > eval line 1 > eval:1:51
Bc@https://pagead2.googlesyndication.com/bg/YeTNF82ErcXtSc42GSWrie2SEIEL8DxR64dbf1nZkSc.js line 2 > eval line 6269 > eval line 1 > eval line 1 > eval:1:236
U6@https://pagead2.googlesyndication.com/bg/YeTNF82ErcXtSc42GSWrie2SEIEL8DxR64dbf1nZkSc.js line 2 > eval line 6269 > eval line 1 > eval line 1 > eval:1:42
Z.prototype.R</<@https://pagead2.googlesyndication.com/bg/YeTNF82ErcXtSc42GSWrie2SEIEL8DxR64dbf1nZkSc.js line 2 > eval:6269:35535
Gs@https://pagead2.googlesyndication.com/bg/YeTNF82ErcXtSc42GSWrie2SEIEL8DxR64dbf1nZkSc.js line 2 > eval:6269:20777
lj@https://pagead2.googlesyndication.com/bg/YeTNF82ErcXtSc42GSWrie2SEIEL8DxR64dbf1nZkSc.js line 2 > eval:6269:733
O@https://pagead2.googlesyndication.com/bg/YeTNF82ErcXtSc42GSWrie2SEIEL8DxR64dbf1nZkSc.js line 2 > eval:6269:3769
v@https://pagead2.googlesyndication.com/bg/YeTNF82ErcXtSc42GSWrie2SEIEL8DxR64dbf1nZkSc.js line 2 > eval line 6269 > eval line 1 > eval line 1 > eval:1:198
F.Jw@https://pagead2.googlesyndication.com/bg/YeTNF82ErcXtSc42GSWrie2SEIEL8DxR64dbf1nZkSc.js line 2 > eval:6269:34566
Gs/<@https://pagead2.googlesyndication.com/bg/YeTNF82ErcXtSc42GSWrie2SEIEL8DxR64dbf1nZkSc.js line 2 > eval:6269:21034
r@https://pagead2.googlesyndication.com/bg/YeTNF82ErcXtSc42GSWrie2SEIEL8DxR64dbf1nZkSc.js line 2 > eval:6269:10081
invoke@https://pagead2.googlesyndication.com/bg/YeTNF82ErcXtSc42GSWrie2SEIEL8DxR64dbf1nZkSc.js line 2 > eval:6269:10151
wa/<@https://tpc.googlesyndication.com/sodar/sodar2/225/runner.html:27:295
wa@https://tpc.googlesyndication.com/sodar/sodar2/225/runner.html:27:247
d/<@https://tpc.googlesyndication.com/sodar/sodar2/225/runner.html:26:522
J@https://tpc.googlesyndication.com/sodar/sodar2/225/runner.html:16:39
ha/this.next@https://tpc.googlesyndication.com/sodar/sodar2/225/runner.html:17:89
k@https://tpc.googlesyndication.com/sodar/sodar2/225/runner.html:24:287

JavaScript warning: https://s0.2mdn.net/dfp/2156948/5129076418/1662132697740/lottie.min.js, line 1: Script terminated by timeout at:
m@https://s0.2mdn.net/dfp/2156948/5129076418/1662132697740/lottie.min.js:1:33434

Dynamically enable window occlusion 1
JavaScript error: resource://gre/modules/UrlClassifierListManager.sys.mjs, line 720: TypeError: this.tablesData[table] is undefined
JavaScript error: , line 0: TypeError: NetworkError when attempting to fetch resource.
1696562105795	geckodriver	INFO	Listening on 127.0.0.1:54825
1696562108888	mozrunner::runner	INFO	Running command: "C:\\Program Files\\Mozilla Firefox\\firefox.exe" "--marionette" "-headless" "--remote-debugging-port" "54826" "--remote-allow-hosts" "localhost" "-no-remote" "-profile" "C:\\Users\\ASUS\\AppData\\Local\\Temp\\rust_mozprofileBm21hG"
*** You are running in headless mode.
console.warn: services.settings: Ignoring preference override of remote settings server
console.warn: services.settings: Allow by setting MOZ_REMOTE_SETTINGS_DEVTOOLS=1 in the environment
1696562109176	Marionette	INFO	Marionette enabled
Dynamically enable window occlusion 0
1696562109232	Marionette	INFO	Listening on port 54834
WebDriver BiDi listening on ws://127.0.0.1:54826
Read port: 54834
1696562109392	RemoteAgent	WARN	TLS certificate errors will be ignored for this session
[GFX1-]: RenderCompositorSWGL failed mapping default framebuffer, no dt
console.error: ({})
DevTools listening on ws://127.0.0.1:54826/devtools/browser/3c57e99b-022a-4d6d-87cf-e9e06a157fac
1696562259237	geckodriver	INFO	Listening on 127.0.0.1:54965
1696562262315	mozrunner::runner	INFO	Running command: "C:\\Program Files\\Mozilla Firefox\\firefox.exe" "--marionette" "-headless" "--remote-debugging-port" "54966" "--remote-allow-hosts" "localhost" "-no-remote" "-profile" "C:\\Users\\ASUS\\AppData\\Local\\Temp\\rust_mozprofiledMFSxS"
*** You are running in headless mode.
console.warn: services.settings: Ignoring preference override of remote settings server
console.warn: services.settings: Allow by setting MOZ_REMOTE_SETTINGS_DEVTOOLS=1 in the environment
1696562262588	Marionette	INFO	Marionette enabled
Dynamically enable window occlusion 0
1696562262640	Marionette	INFO	Listening on port 54975
Read port: 54975
WebDriver BiDi listening on ws://127.0.0.1:54966
1696562262682	RemoteAgent	WARN	TLS certificate errors will be ignored for this session
[GFX1-]: RenderCompositorSWGL failed mapping default framebuffer, no dt
console.error: ({})
DevTools listening on ws://127.0.0.1:54966/devtools/browser/324ae1ef-59ce-49ea-b467-31125dc1ead4
JavaScript warning: https://pagead2.googlesyndication.com/bg/YeTNF82ErcXtSc42GSWrie2SEIEL8DxR64dbf1nZkSc.js line 2 > eval line 5699 > eval line 1 > eval line 1 > eval, line 1: WEBGL_debug_renderer_info is deprecated in Firefox and will be removed. Please use RENDERER.
1696562269291	Marionette	INFO	Stopped listening on port 54975
JavaScript warning: https://s0.2mdn.net/dfp/2156948/5129076418/1662132697740/lottie.min.js, line 1: Script terminated by timeout at:
m@https://s0.2mdn.net/dfp/2156948/5129076418/1662132697740/lottie.min.js:1:33434

JavaScript warning: https://static.oddschecker.com/OC/js/build/prod/third-party/bundle.tracing.min.3p.1.2.js, line 2: Script terminated by timeout at:
sentryWrapped@https://static.oddschecker.com/OC/js/build/prod/third-party/bundle.tracing.min.3p.1.2.js:2:59972

Dynamically enable window occlusion 1
JavaScript error: , line 0: TypeError: NetworkError when attempting to fetch resource.
1696562396344	geckodriver	INFO	Listening on 127.0.0.1:55178
1696562399425	mozrunner::runner	INFO	Running command: "C:\\Program Files\\Mozilla Firefox\\firefox.exe" "--marionette" "-headless" "--remote-debugging-port" "55179" "--remote-allow-hosts" "localhost" "-no-remote" "-profile" "C:\\Users\\ASUS\\AppData\\Local\\Temp\\rust_mozprofilecSlUOc"
*** You are running in headless mode.
console.warn: services.settings: Ignoring preference override of remote settings server
console.warn: services.settings: Allow by setting MOZ_REMOTE_SETTINGS_DEVTOOLS=1 in the environment
1696562399832	Marionette	INFO	Marionette enabled
Dynamically enable window occlusion 0
1696562399887	Marionette	INFO	Listening on port 55187
WebDriver BiDi listening on ws://127.0.0.1:55179
Read port: 55187
1696562400046	RemoteAgent	WARN	TLS certificate errors will be ignored for this session
[GFX1-]: RenderCompositorSWGL failed mapping default framebuffer, no dt
console.error: ({})
DevTools listening on ws://127.0.0.1:55179/devtools/browser/2e55db54-94a1-4c1c-9291-fbecbebf7e12
JavaScript warning: https://pagead2.googlesyndication.com/bg/YeTNF82ErcXtSc42GSWrie2SEIEL8DxR64dbf1nZkSc.js line 2 > eval line 3022 > eval line 1 > eval line 1 > eval, line 1: WEBGL_debug_renderer_info is deprecated in Firefox and will be removed. Please use RENDERER.
1696562405673	Marionette	INFO	Stopped listening on port 55187
JavaScript warning: https://cdn.oddschecker.com/oc-uk/js/oc-uk-475fd93462.js, line 2: Script terminated by timeout at:
T@https://cdn.oddschecker.com/oc-uk/js/oc-uk-475fd93462.js:2:1166938

Dynamically enable window occlusion 1
JavaScript error: , line 0: TypeError: NetworkError when attempting to fetch resource.
1696562629617	geckodriver	INFO	Listening on 127.0.0.1:55382
1696562632708	mozrunner::runner	INFO	Running command: "C:\\Program Files\\Mozilla Firefox\\firefox.exe" "--marionette" "-headless" "--remote-debugging-port" "55383" "--remote-allow-hosts" "localhost" "-no-remote" "-profile" "C:\\Users\\ASUS\\AppData\\Local\\Temp\\rust_mozprofileby85CU"
*** You are running in headless mode.
console.warn: services.settings: Ignoring preference override of remote settings server
console.warn: services.settings: Allow by setting MOZ_REMOTE_SETTINGS_DEVTOOLS=1 in the environment
1696562633003	Marionette	INFO	Marionette enabled
Dynamically enable window occlusion 0
1696562633062	Marionette	INFO	Listening on port 55391
WebDriver BiDi listening on ws://127.0.0.1:55383
Read port: 55391
1696562633215	RemoteAgent	WARN	TLS certificate errors will be ignored for this session
[GFX1-]: RenderCompositorSWGL failed mapping default framebuffer, no dt
console.error: ({})
DevTools listening on ws://127.0.0.1:55383/devtools/browser/beeb90f4-0eef-4104-93f6-151deeb3f02f
JavaScript warning: https://pagead2.googlesyndication.com/bg/YeTNF82ErcXtSc42GSWrie2SEIEL8DxR64dbf1nZkSc.js line 2 > eval line 1592 > eval line 1 > eval line 1 > eval, line 1: WEBGL_debug_renderer_info is deprecated in Firefox and will be removed. Please use RENDERER.
1696562639874	Marionette	INFO	Stopped listening on port 55391
JavaScript warning: https://s0.2mdn.net/dfp/2156948/5129076418/1662132697740/lottie.min.js, line 1: Script terminated by timeout at:
m@https://s0.2mdn.net/dfp/2156948/5129076418/1662132697740/lottie.min.js:1:33434

JavaScript warning: https://static.oddschecker.com/OC/js/build/prod/third-party/bundle.tracing.min.3p.1.2.js, line 2: Script terminated by timeout at:
sentryWrapped@https://static.oddschecker.com/OC/js/build/prod/third-party/bundle.tracing.min.3p.1.2.js:2:59972

Dynamically enable window occlusion 1
JavaScript error: , line 0: TypeError: NetworkError when attempting to fetch resource.
